<!DOCTYPE html>
<html xmlns="http://www.w3.org/1999/xhtml" lang="en" xml:lang="en"><head>

<meta charset="utf-8">
<meta name="generator" content="quarto-1.3.353">

<meta name="viewport" content="width=device-width, initial-scale=1.0, user-scalable=yes">

<meta name="description" content="On the … happened that">

<title>Connectivity for Disaster Resiliance - Appendix A — Performance tests</title>
<style>
code{white-space: pre-wrap;}
span.smallcaps{font-variant: small-caps;}
div.columns{display: flex; gap: min(4vw, 1.5em);}
div.column{flex: auto; overflow-x: auto;}
div.hanging-indent{margin-left: 1.5em; text-indent: -1.5em;}
ul.task-list{list-style: none;}
ul.task-list li input[type="checkbox"] {
  width: 0.8em;
  margin: 0 0.8em 0.2em -1em; /* quarto-specific, see https://github.com/quarto-dev/quarto-cli/issues/4556 */ 
  vertical-align: middle;
}
/* CSS for syntax highlighting */
pre > code.sourceCode { white-space: pre; position: relative; }
pre > code.sourceCode > span { display: inline-block; line-height: 1.25; }
pre > code.sourceCode > span:empty { height: 1.2em; }
.sourceCode { overflow: visible; }
code.sourceCode > span { color: inherit; text-decoration: inherit; }
div.sourceCode { margin: 1em 0; }
pre.sourceCode { margin: 0; }
@media screen {
div.sourceCode { overflow: auto; }
}
@media print {
pre > code.sourceCode { white-space: pre-wrap; }
pre > code.sourceCode > span { text-indent: -5em; padding-left: 5em; }
}
pre.numberSource code
  { counter-reset: source-line 0; }
pre.numberSource code > span
  { position: relative; left: -4em; counter-increment: source-line; }
pre.numberSource code > span > a:first-child::before
  { content: counter(source-line);
    position: relative; left: -1em; text-align: right; vertical-align: baseline;
    border: none; display: inline-block;
    -webkit-touch-callout: none; -webkit-user-select: none;
    -khtml-user-select: none; -moz-user-select: none;
    -ms-user-select: none; user-select: none;
    padding: 0 4px; width: 4em;
  }
pre.numberSource { margin-left: 3em;  padding-left: 4px; }
div.sourceCode
  {   }
@media screen {
pre > code.sourceCode > span > a:first-child::before { text-decoration: underline; }
}
</style>


<script src="site_libs/quarto-nav/quarto-nav.js"></script>
<script src="site_libs/quarto-nav/headroom.min.js"></script>
<script src="site_libs/clipboard/clipboard.min.js"></script>
<script src="site_libs/quarto-search/autocomplete.umd.js"></script>
<script src="site_libs/quarto-search/fuse.min.js"></script>
<script src="site_libs/quarto-search/quarto-search.js"></script>
<meta name="quarto:offset" content="./">
<link href="./references.html" rel="next">
<link href="./future_work.html" rel="prev">
<link href="./final_logo.png" rel="icon" type="image/png">
<script src="site_libs/quarto-html/quarto.js"></script>
<script src="site_libs/quarto-html/popper.min.js"></script>
<script src="site_libs/quarto-html/tippy.umd.min.js"></script>
<script src="site_libs/quarto-html/anchor.min.js"></script>
<link href="site_libs/quarto-html/tippy.css" rel="stylesheet">
<link href="site_libs/quarto-html/quarto-syntax-highlighting.css" rel="stylesheet" class="quarto-color-scheme" id="quarto-text-highlighting-styles">
<link href="site_libs/quarto-html/quarto-syntax-highlighting-dark.css" rel="prefetch" class="quarto-color-scheme quarto-color-alternate" id="quarto-text-highlighting-styles">
<script src="site_libs/bootstrap/bootstrap.min.js"></script>
<link href="site_libs/bootstrap/bootstrap-icons.css" rel="stylesheet">
<link href="site_libs/bootstrap/bootstrap.min.css" rel="stylesheet" class="quarto-color-scheme" id="quarto-bootstrap" data-mode="light">
<link href="site_libs/bootstrap/bootstrap-dark.min.css" rel="prefetch" class="quarto-color-scheme quarto-color-alternate" id="quarto-bootstrap" data-mode="dark">
<script id="quarto-search-options" type="application/json">{
  "location": "sidebar",
  "copy-button": false,
  "collapse-after": 3,
  "panel-placement": "start",
  "type": "textbox",
  "limit": 20,
  "language": {
    "search-no-results-text": "No results",
    "search-matching-documents-text": "matching documents",
    "search-copy-link-title": "Copy link to search",
    "search-hide-matches-text": "Hide additional matches",
    "search-more-match-text": "more match in this document",
    "search-more-matches-text": "more matches in this document",
    "search-clear-button-title": "Clear",
    "search-detached-cancel-button-title": "Cancel",
    "search-submit-button-title": "Submit"
  }
}</script>

<script src="site_libs/htmlwidgets-1.6.4/htmlwidgets.js"></script>
<link href="site_libs/datatables-css-0.0.0/datatables-crosstalk.css" rel="stylesheet">
<script src="site_libs/datatables-binding-0.33/datatables.js"></script>
<script src="site_libs/jquery-3.6.0/jquery-3.6.0.min.js"></script>
<link href="site_libs/dt-core-1.13.6/css/jquery.dataTables.min.css" rel="stylesheet">
<link href="site_libs/dt-core-1.13.6/css/jquery.dataTables.extra.css" rel="stylesheet">
<script src="site_libs/dt-core-1.13.6/js/jquery.dataTables.min.js"></script>
<script src="site_libs/pdfmake-1.13.6/pdfmake.js"></script>
<script src="site_libs/pdfmake-1.13.6/vfs_fonts.js"></script>
<link href="site_libs/dt-ext-buttons-1.13.6/css/buttons.dataTables.min.css" rel="stylesheet">
<script src="site_libs/dt-ext-buttons-1.13.6/js/dataTables.buttons.min.js"></script>
<script src="site_libs/dt-ext-buttons-1.13.6/js/buttons.html5.min.js"></script>
<script src="site_libs/dt-ext-buttons-1.13.6/js/buttons.colVis.min.js"></script>
<script src="site_libs/dt-ext-buttons-1.13.6/js/buttons.print.min.js"></script>
<link href="site_libs/dt-ext-rowgroup-1.13.6/css/rowGroup.dataTables.min.css" rel="stylesheet">
<script src="site_libs/dt-ext-rowgroup-1.13.6/js/dataTables.rowGroup.min.js"></script>
<link href="site_libs/crosstalk-1.2.1/css/crosstalk.min.css" rel="stylesheet">
<script src="site_libs/crosstalk-1.2.1/js/crosstalk.min.js"></script>


</head>

<body class="nav-sidebar floating">

<div id="quarto-search-results"></div>
  <header id="quarto-header" class="headroom fixed-top">
  <nav class="quarto-secondary-nav">
    <div class="container-fluid d-flex">
      <button type="button" class="quarto-btn-toggle btn" data-bs-toggle="collapse" data-bs-target="#quarto-sidebar,#quarto-sidebar-glass" aria-controls="quarto-sidebar" aria-expanded="false" aria-label="Toggle sidebar navigation" onclick="if (window.quartoToggleHeadroom) { window.quartoToggleHeadroom(); }">
        <i class="bi bi-layout-text-sidebar-reverse"></i>
      </button>
      <nav class="quarto-page-breadcrumbs" aria-label="breadcrumb"><ol class="breadcrumb"><li class="breadcrumb-item"><a href="./appendix.html">Appendices</a></li><li class="breadcrumb-item"><a href="./appendix.html"><span class="chapter-number">A</span>&nbsp; <span class="chapter-title">Performance tests</span></a></li></ol></nav>
      <a class="flex-grow-1" role="button" data-bs-toggle="collapse" data-bs-target="#quarto-sidebar,#quarto-sidebar-glass" aria-controls="quarto-sidebar" aria-expanded="false" aria-label="Toggle sidebar navigation" onclick="if (window.quartoToggleHeadroom) { window.quartoToggleHeadroom(); }">      
      </a>
      <button type="button" class="btn quarto-search-button" aria-label="Search" onclick="window.quartoOpenSearch();">
        <i class="bi bi-search"></i>
      </button>
    </div>
  </nav>
</header>
<!-- content -->
<div id="quarto-content" class="quarto-container page-columns page-rows-contents page-layout-article">
<!-- sidebar -->
  <nav id="quarto-sidebar" class="sidebar collapse collapse-horizontal sidebar-navigation floating overflow-auto">
    <div class="pt-lg-2 mt-2 text-left sidebar-header sidebar-header-stacked">
      <a href="./index.html" class="sidebar-logo-link">
      <img src="./final_logo.png" alt="" class="sidebar-logo py-0 d-lg-inline d-none">
      </a>
    <div class="sidebar-title mb-0 py-0">
      <a href="./">Connectivity for Disaster Resiliance</a> 
        <div class="sidebar-tools-main">
    <a href="https://github.com/ddotta/cookbook-rpolars/" title="Source Code" class="quarto-navigation-tool px-1" aria-label="Source Code"><i class="bi bi-github"></i></a>
  <a href="" class="quarto-color-scheme-toggle quarto-navigation-tool  px-1" onclick="window.quartoToggleColorScheme(); return false;" title="Toggle dark mode"><i class="bi"></i></a>
</div>
    </div>
      </div>
        <div class="mt-2 flex-shrink-0 align-items-center">
        <div class="sidebar-search">
        <div id="quarto-search" class="" title="Search"></div>
        </div>
        </div>
    <div class="sidebar-menu-container"> 
    <ul class="list-unstyled mt-1">
        <li class="sidebar-item">
  <div class="sidebar-item-container"> 
  <a href="./index.html" class="sidebar-item-text sidebar-link">
 <span class="menu-text">Preface</span></a>
  </div>
</li>
        <li class="sidebar-item">
  <div class="sidebar-item-container"> 
  <a href="./intro.html" class="sidebar-item-text sidebar-link">
 <span class="menu-text"><span class="chapter-number">1</span>&nbsp; <span class="chapter-title">Introduction</span></span></a>
  </div>
</li>
        <li class="sidebar-item">
  <div class="sidebar-item-container"> 
  <a href="./methodology.html" class="sidebar-item-text sidebar-link">
 <span class="menu-text"><span class="chapter-number">2</span>&nbsp; <span class="chapter-title">Methodology</span></span></a>
  </div>
</li>
        <li class="sidebar-item">
  <div class="sidebar-item-container"> 
  <a href="./results.html" class="sidebar-item-text sidebar-link">
 <span class="menu-text"><span class="chapter-number">3</span>&nbsp; <span class="chapter-title">Results</span></span></a>
  </div>
</li>
        <li class="sidebar-item">
  <div class="sidebar-item-container"> 
  <a href="./conclussion.html" class="sidebar-item-text sidebar-link">
 <span class="menu-text"><span class="chapter-number">4</span>&nbsp; <span class="chapter-title">Conclussion</span></span></a>
  </div>
</li>
        <li class="sidebar-item">
  <div class="sidebar-item-container"> 
  <a href="./future_work.html" class="sidebar-item-text sidebar-link">
 <span class="menu-text"><span class="chapter-number">5</span>&nbsp; <span class="chapter-title">Future work &amp; suggestions</span></span></a>
  </div>
</li>
        <li class="sidebar-item sidebar-item-section">
      <div class="sidebar-item-container"> 
            <a class="sidebar-item-text sidebar-link text-start" data-bs-toggle="collapse" data-bs-target="#quarto-sidebar-section-1" aria-expanded="true">
 <span class="menu-text">Appendices</span></a>
          <a class="sidebar-item-toggle text-start" data-bs-toggle="collapse" data-bs-target="#quarto-sidebar-section-1" aria-expanded="true" aria-label="Toggle section">
            <i class="bi bi-chevron-right ms-2"></i>
          </a> 
      </div>
      <ul id="quarto-sidebar-section-1" class="collapse list-unstyled sidebar-section depth1 show">  
          <li class="sidebar-item">
  <div class="sidebar-item-container"> 
  <a href="./appendix.html" class="sidebar-item-text sidebar-link active">
 <span class="menu-text"><span class="chapter-number">A</span>&nbsp; <span class="chapter-title">Performance tests</span></span></a>
  </div>
</li>
          <li class="sidebar-item">
  <div class="sidebar-item-container"> 
  <a href="./references.html" class="sidebar-item-text sidebar-link">
 <span class="menu-text">References</span></a>
  </div>
</li>
      </ul>
  </li>
    </ul>
    </div>
</nav>
<div id="quarto-sidebar-glass" data-bs-toggle="collapse" data-bs-target="#quarto-sidebar,#quarto-sidebar-glass"></div>
<!-- margin-sidebar -->
    <div id="quarto-margin-sidebar" class="sidebar margin-sidebar">
        <nav id="TOC" role="doc-toc" class="toc-active">
    <h2 id="toc-title">Table of contents</h2>
   
  <ul>
  <li><a href="#performance" id="toc-performance" class="nav-link active" data-scroll-target="#performance"><span class="header-section-number">A.0.1</span> Performance</a></li>
  <li><a href="#section" id="toc-section" class="nav-link" data-scroll-target="#section"><span class="header-section-number">A.1</span> 10</a></li>
  <li><a href="#section-1" id="toc-section-1" class="nav-link" data-scroll-target="#section-1"><span class="header-section-number">A.2</span> 50</a></li>
  <li><a href="#section-2" id="toc-section-2" class="nav-link" data-scroll-target="#section-2"><span class="header-section-number">A.3</span> 100</a></li>
  <li><a href="#section-3" id="toc-section-3" class="nav-link" data-scroll-target="#section-3"><span class="header-section-number">A.4</span> 200</a></li>
  <li><a href="#section-4" id="toc-section-4" class="nav-link" data-scroll-target="#section-4"><span class="header-section-number">A.5</span> 300</a></li>
  <li><a href="#method-array_agg" id="toc-method-array_agg" class="nav-link" data-scroll-target="#method-array_agg"><span class="header-section-number">A.6</span> Method array_agg()</a></li>
  <li><a href="#pgr_astrar" id="toc-pgr_astrar" class="nav-link" data-scroll-target="#pgr_astrar"><span class="header-section-number">A.7</span> pgr_astrar()</a></li>
  </ul>
</nav>
    </div>
<!-- main -->
<main class="content" id="quarto-document-content">

<header id="title-block-header" class="quarto-title-block default">
<div class="quarto-title">
<h1 class="title">Appendix A — Performance tests</h1>
</div>



<div class="quarto-title-meta">

    
  
    
  </div>
  

</header>

<section id="performance" class="level3" data-number="A.0.1">
<h3 data-number="A.0.1" class="anchored" data-anchor-id="performance"><span class="header-section-number">A.0.1</span> Performance</h3>
<div class="cell">
<details>
<summary>Show the code</summary>
<div class="sourceCode cell-code" id="cb1"><pre class="sourceCode r code-with-copy"><code class="sourceCode r"><span id="cb1-1"><a href="#cb1-1" aria-hidden="true" tabindex="-1"></a><span class="fu">lapply</span>(<span class="fu">c</span>(<span class="st">"readODS"</span>,<span class="st">"tidyverse"</span>,<span class="st">"ggplot2"</span>,<span class="st">"DT"</span>), require, <span class="at">character.only =</span><span class="cn">TRUE</span>)</span></code><button title="Copy to Clipboard" class="code-copy-button"><i class="bi"></i></button></pre></div>
</details>
<div class="cell-output cell-output-stderr">
<pre><code>Loading required package: readODS</code></pre>
</div>
<div class="cell-output cell-output-stderr">
<pre><code>Loading required package: tidyverse</code></pre>
</div>
<div class="cell-output cell-output-stderr">
<pre><code>── Attaching core tidyverse packages ──────────────────────── tidyverse 2.0.0 ──
✔ dplyr     1.1.4     ✔ readr     2.1.5
✔ forcats   1.0.0     ✔ stringr   1.5.1
✔ ggplot2   3.5.1     ✔ tibble    3.2.1
✔ lubridate 1.9.3     ✔ tidyr     1.3.1
✔ purrr     1.0.2     
── Conflicts ────────────────────────────────────────── tidyverse_conflicts() ──
✖ dplyr::filter() masks stats::filter()
✖ dplyr::lag()    masks stats::lag()
ℹ Use the conflicted package (&lt;http://conflicted.r-lib.org/&gt;) to force all conflicts to become errors
Loading required package: DT</code></pre>
</div>
<div class="cell-output cell-output-stdout">
<pre><code>[[1]]
[1] TRUE

[[2]]
[1] TRUE

[[3]]
[1] TRUE

[[4]]
[1] TRUE</code></pre>
</div>
<details>
<summary>Show the code</summary>
<div class="sourceCode cell-code" id="cb6"><pre class="sourceCode r code-with-copy"><code class="sourceCode r"><span id="cb6-1"><a href="#cb6-1" aria-hidden="true" tabindex="-1"></a>performance <span class="ot">&lt;-</span> readODS<span class="sc">::</span><span class="fu">read_ods</span>(<span class="st">"metrics.ods"</span>)</span>
<span id="cb6-2"><a href="#cb6-2" aria-hidden="true" tabindex="-1"></a>df <span class="ot">&lt;-</span> performance <span class="sc">|&gt;</span> dplyr<span class="sc">::</span><span class="fu">select</span>(<span class="fu">c</span>(<span class="st">"number_od"</span>,<span class="st">"method"</span>,<span class="st">"algorithm"</span>,<span class="st">"time"</span>,<span class="st">"max_centrality"</span>,<span class="st">"count_rows"</span>,<span class="st">"query"</span>,<span class="st">"analyze"</span>)) <span class="sc">|&gt;</span> <span class="fu">filter</span>(<span class="sc">!</span><span class="fu">is.na</span>(time) <span class="sc">&amp;</span> method<span class="sc">==</span><span class="st">'naive'</span>)</span>
<span id="cb6-3"><a href="#cb6-3" aria-hidden="true" tabindex="-1"></a></span>
<span id="cb6-4"><a href="#cb6-4" aria-hidden="true" tabindex="-1"></a><span class="fu">ggplot</span>(df,<span class="fu">aes</span>(<span class="at">x=</span>number_od, <span class="at">y=</span>time, <span class="at">group =</span> algorithm)) <span class="sc">+</span></span>
<span id="cb6-5"><a href="#cb6-5" aria-hidden="true" tabindex="-1"></a>  <span class="fu">labs</span>(<span class="at">x=</span><span class="st">"Number of Origin-Destination (OD)"</span>,</span>
<span id="cb6-6"><a href="#cb6-6" aria-hidden="true" tabindex="-1"></a>       <span class="at">y=</span><span class="st">"time (ms)"</span>,</span>
<span id="cb6-7"><a href="#cb6-7" aria-hidden="true" tabindex="-1"></a>       <span class="at">title=</span><span class="st">"PostgreSQL's queries performance"</span>) <span class="sc">+</span></span>
<span id="cb6-8"><a href="#cb6-8" aria-hidden="true" tabindex="-1"></a>  <span class="fu">geom_line</span>(<span class="fu">aes</span>(<span class="at">color=</span>algorithm)) <span class="sc">+</span></span>
<span id="cb6-9"><a href="#cb6-9" aria-hidden="true" tabindex="-1"></a>   <span class="fu">geom_point</span>(<span class="fu">aes</span>(<span class="at">color=</span>algorithm)) <span class="sc">+</span></span>
<span id="cb6-10"><a href="#cb6-10" aria-hidden="true" tabindex="-1"></a>  <span class="fu">theme_minimal</span>()</span></code><button title="Copy to Clipboard" class="code-copy-button"><i class="bi"></i></button></pre></div>
</details>
<div class="cell-output-display">
<p><img src="appendix_files/figure-html/unnamed-chunk-1-1.png" class="img-fluid" width="672"></p>
</div>
<details>
<summary>Show the code</summary>
<div class="sourceCode cell-code" id="cb7"><pre class="sourceCode r code-with-copy"><code class="sourceCode r"><span id="cb7-1"><a href="#cb7-1" aria-hidden="true" tabindex="-1"></a>DT<span class="sc">::</span><span class="fu">datatable</span>(<span class="fu">subset</span>(df, <span class="at">select=</span><span class="fu">c</span>(<span class="st">"number_od"</span>,<span class="st">"algorithm"</span>,<span class="st">"time"</span>,<span class="st">"query"</span>,<span class="st">"analyze"</span>)), </span>
<span id="cb7-2"><a href="#cb7-2" aria-hidden="true" tabindex="-1"></a>              <span class="at">class=</span><span class="st">'compact'</span>, <span class="at">rownames=</span><span class="cn">FALSE</span>, <span class="at">escape=</span><span class="cn">FALSE</span>, <span class="at">caption=</span><span class="st">'Data description'</span>,</span>
<span id="cb7-3"><a href="#cb7-3" aria-hidden="true" tabindex="-1"></a>              <span class="at">extensions=</span><span class="fu">c</span>(<span class="st">"Buttons"</span>,<span class="st">'RowGroup'</span>),</span>
<span id="cb7-4"><a href="#cb7-4" aria-hidden="true" tabindex="-1"></a>              <span class="at">options=</span><span class="fu">list</span>(</span>
<span id="cb7-5"><a href="#cb7-5" aria-hidden="true" tabindex="-1"></a>                  <span class="at">order=</span><span class="fu">list</span>(<span class="fu">list</span>(<span class="dv">0</span>, <span class="st">'asc'</span>), <span class="fu">list</span>(<span class="dv">2</span>,<span class="st">'asc'</span>)),  <span class="co"># Sort by the first column (index 0)</span></span>
<span id="cb7-6"><a href="#cb7-6" aria-hidden="true" tabindex="-1"></a>                  <span class="at">rowGroup=</span><span class="fu">list</span>(<span class="at">dataSrc=</span><span class="dv">0</span>),    <span class="co"># Fixed rowGroup</span></span>
<span id="cb7-7"><a href="#cb7-7" aria-hidden="true" tabindex="-1"></a>                  <span class="at">dom=</span><span class="st">"Bfrtip"</span>,</span>
<span id="cb7-8"><a href="#cb7-8" aria-hidden="true" tabindex="-1"></a>                  <span class="at">columnDefs =</span> <span class="fu">list</span>(<span class="fu">list</span>(<span class="at">visible=</span><span class="cn">FALSE</span>, <span class="at">targets=</span> <span class="fu">c</span>(<span class="dv">3</span>,<span class="dv">4</span>))),</span>
<span id="cb7-9"><a href="#cb7-9" aria-hidden="true" tabindex="-1"></a>                  <span class="at">buttons=</span><span class="fu">c</span>(<span class="st">"copy"</span>, <span class="st">"csv"</span>, <span class="st">"pdf"</span>),</span>
<span id="cb7-10"><a href="#cb7-10" aria-hidden="true" tabindex="-1"></a>                  <span class="at">initComplete =</span> <span class="fu">JS</span>(</span>
<span id="cb7-11"><a href="#cb7-11" aria-hidden="true" tabindex="-1"></a>                      <span class="st">"function(settings, json) {"</span>,</span>
<span id="cb7-12"><a href="#cb7-12" aria-hidden="true" tabindex="-1"></a>                      <span class="st">"$(this.api().table().header()).css({'background-color': '#d50038', 'color': '#fff'});"</span>,</span>
<span id="cb7-13"><a href="#cb7-13" aria-hidden="true" tabindex="-1"></a>                      <span class="st">"}"</span>)</span>
<span id="cb7-14"><a href="#cb7-14" aria-hidden="true" tabindex="-1"></a>              )</span>
<span id="cb7-15"><a href="#cb7-15" aria-hidden="true" tabindex="-1"></a>) <span class="sc">|&gt;</span> </span>
<span id="cb7-16"><a href="#cb7-16" aria-hidden="true" tabindex="-1"></a>    DT<span class="sc">::</span><span class="fu">formatStyle</span>(<span class="st">"time"</span>,</span>
<span id="cb7-17"><a href="#cb7-17" aria-hidden="true" tabindex="-1"></a>                    <span class="at">background=</span>DT<span class="sc">::</span><span class="fu">styleColorBar</span>(<span class="fu">range</span>(df<span class="sc">$</span>time), <span class="st">'#ee8b8b'</span>),</span>
<span id="cb7-18"><a href="#cb7-18" aria-hidden="true" tabindex="-1"></a>                    <span class="at">backgroundSize=</span><span class="st">'98% 88%'</span>,</span>
<span id="cb7-19"><a href="#cb7-19" aria-hidden="true" tabindex="-1"></a>                    <span class="at">backgroundRepeat=</span><span class="st">'no-repeat'</span>,</span>
<span id="cb7-20"><a href="#cb7-20" aria-hidden="true" tabindex="-1"></a>                    <span class="at">backgroundPosition=</span><span class="st">'center'</span>)</span></code><button title="Copy to Clipboard" class="code-copy-button"><i class="bi"></i></button></pre></div>
</details>
<div class="cell-output-display">

<div class="datatables html-widget html-fill-item" id="htmlwidget-b5492873efce7630b7e2" style="width:100%;height:auto;"></div>
<script type="application/json" data-for="htmlwidget-b5492873efce7630b7e2">{"x":{"filter":"none","vertical":false,"extensions":["Buttons","RowGroup"],"caption":"<caption>Data description<\/caption>","data":[[100,10,50,200,300,10,50,100,200,10,50,100,200,300,10,50,100,200],["pgr_dijkstra()","pgr_dijkstra()","pgr_dijkstra()","pgr_dijkstra()","pgr_dijkstra()","pgr_bdDijkstra()","pgr_bdDijkstra()","pgr_bdDijkstra()","pgr_bdDijkstra()","pgr_astrar()","pgr_astrar()","pgr_astrar()","pgr_astrar()","pgr_astrar()","pgr_bdastrar()","pgr_bdastrar()","pgr_bdastrar()","pgr_bdastrar()"],[11183.865,620.371,3691.958,34613.245,75505.38800000001,1451.953,26234.063,108916.104,426489.553,770.139,4390.494,12319.547,38444.056,89211.976,1667.918,27935.192,110424.801,430940.623],["EXPLAIN ANALYZE CREATE TABLE centrality_100_100_porto as  SELECT   b.ogc_fid,  b.the_geom,  count(the_geom) as centrality FROM  pgr_dijkstra('SELECT         ogc_fid AS id,        fromid AS source,       toid AS target,        weight AS cost      FROM porto_alegre_net_largest',       ARRAY(SELECT net_id AS start_id FROM random_100_origin  ),       ARRAY(SELECT net_id AS end_id FROM random_100_destination ),       directed := TRUE) j     left JOIN porto_alegre_net_largest AS b       ON j.edge = b.ogc_fid  GROUP BY  b.ogc_fid, b.the_geom  ORDER BY centrality DESC;","EXPLAIN ANALYZE CREATE TABLE centrality_10_10_porto as  WITH random_10_origin AS( SELECT * FROM random_100_origin  ORDER BY random() LIMIT 10), random_10_destination AS ( SELECT * FROM random_100_destination  ORDER BY random() LIMIT 10) SELECT   b.ogc_fid,  b.the_geom,  count(the_geom) as centrality FROM  pgr_dijkstra('SELECT         ogc_fid AS id,        fromid AS source,       toid AS target,        weight AS cost      FROM porto_alegre_net_largest',       ARRAY(SELECT net_id AS start_id FROM random_10_origin  ),       ARRAY(SELECT net_id AS end_id FROM random_10_destination ),       directed := TRUE) j     left JOIN porto_alegre_net_largest AS b       ON j.edge = b.ogc_fid  GROUP BY  b.ogc_fid, b.the_geom  ORDER BY centrality DESC;","EXPLAIN ANALYZE CREATE TABLE centrality_50_50_porto AS SELECT   b.ogc_fid,  b.the_geom,  count(the_geom) as centrality FROM  pgr_dijkstra('SELECT         ogc_fid AS id,        fromid AS source,       toid AS target,        weight AS cost      FROM porto_alegre_net_largest',       ARRAY(SELECT net_id AS start_id FROM random_50_origin  ),       ARRAY(SELECT net_id AS end_id FROM random_50_destination ),       directed := TRUE) j     left JOIN porto_alegre_net_largest AS b       ON j.edge = b.ogc_fid  GROUP BY  b.ogc_fid, b.the_geom  ORDER BY centrality DESC;","EXPLAIN ANALYZE  CREATE TABLE centrality_200_200_porto AS  SELECT   b.ogc_fid,  b.the_geom,  count(the_geom) as centrality   FROM  pgr_dijkstra('SELECT  ogc_fid AS id,          fromid AS source,        toid AS target,        weight AS cost           FROM porto_alegre_net_largest',           ARRAY(SELECT net_id AS start_id FROM sampling_weight_200_origin  ),           ARRAY(SELECT net_id AS end_id FROM sampling_weight_200_destination ),           directed := TRUE) j           left JOIN porto_alegre_net_largest AS b           ON j.edge = b.ogc_fid           GROUP BY  b.ogc_fid, b.the_geom           ORDER BY centrality DESC;","EXPLAIN ANALYZE  CREATE TABLE centrality_300_300_porto AS  SELECT   b.ogc_fid,  b.the_geom,  count(the_geom) as centrality   FROM  pgr_dijkstra('SELECT  ogc_fid AS id,          fromid AS source,        toid AS target,        weight AS cost           FROM porto_alegre_net_largest',           ARRAY(SELECT net_id AS start_id FROM sampling_weight_300_origin  ),           ARRAY(SELECT net_id AS end_id FROM sampling_weight_300_destination ),           directed := TRUE) j           left JOIN porto_alegre_net_largest AS b           ON j.edge = b.ogc_fid           GROUP BY  b.ogc_fid, b.the_geom           ORDER BY centrality DESC;","EXPLAIN ANALYZE  CREATE TABLE centrality_10_10_porto_bdijstra AS  SELECT   b.ogc_fid,  b.the_geom,  count(the_geom) as centrality   FROM  pgr_bdDijkstra('SELECT  ogc_fid AS id,                               fromid AS source,                             toid AS target,                             weight AS cost                       FROM porto_alegre_net_largest',                       ARRAY(SELECT net_id AS start_id FROM random_10_origin),                       ARRAY(SELECT net_id AS end_id FROM random_10_destination),                       directed := TRUE) j                       left JOIN porto_alegre_net_largest AS b                       ON j.edge = b.ogc_fid                       GROUP BY  b.ogc_fid, b.the_geom                       ORDER BY centrality DESC;","EXPLAIN ANALYZE  CREATE TABLE centrality_50_50_porto_bdijstra AS  SELECT   b.ogc_fid,  b.the_geom,  count(the_geom) as centrality   FROM  pgr_bdDijkstra('SELECT  ogc_fid AS id,                               fromid AS source,                             toid AS target,                             weight AS cost                       FROM porto_alegre_net_largest',                       ARRAY(SELECT net_id AS start_id FROM random_50_origin),                       ARRAY(SELECT net_id AS end_id FROM random_50_destination),                       directed := TRUE) j                       left JOIN porto_alegre_net_largest AS b                       ON j.edge = b.ogc_fid                       GROUP BY  b.ogc_fid, b.the_geom                       ORDER BY centrality DESC;","EXPLAIN ANALYZE  CREATE TABLE centrality_100_100_porto_bdijstra AS  SELECT   b.ogc_fid,  b.the_geom,  count(the_geom) as centrality   FROM  pgr_bdDijkstra('SELECT  ogc_fid AS id,                               fromid AS source,                             toid AS target,                             weight AS cost                       FROM porto_alegre_net_largest',                       ARRAY(SELECT net_id AS start_id FROM random_100_origin),                       ARRAY(SELECT net_id AS end_id FROM random_100_destination),                       directed := TRUE) j                       left JOIN porto_alegre_net_largest AS b                       ON j.edge = b.ogc_fid                       GROUP BY  b.ogc_fid, b.the_geom                       ORDER BY centrality DESC;","EXPLAIN ANALYZE  CREATE TABLE centrality_200_200_porto_bdijstra AS  SELECT   b.ogc_fid,  b.the_geom,  count(the_geom) as centrality   FROM  pgr_bdDijkstra('SELECT  ogc_fid AS id,                               fromid AS source,                             toid AS target,                             weight AS cost                       FROM porto_alegre_net_largest',                       ARRAY(SELECT net_id AS start_id FROM sampling_weight_200_origin ),                       ARRAY(SELECT net_id AS end_id FROM sampling_weight_200_destination),                       directed := TRUE) j                       left JOIN porto_alegre_net_largest AS b                       ON j.edge = b.ogc_fid                       GROUP BY  b.ogc_fid, b.the_geom                       ORDER BY centrality DESC;","EXPLAIN ANALYZE CREATE TABLE centrality_10_10_porto_astrar AS SELECT    b.ogc_fid,   b.the_geom,   count(the_geom) as centrality  FROM pgr_astar(  'SELECT ogc_fid AS id,    fromid AS source,    toid AS target,    weight AS cost,    x1,    y1,    x2,    y2  FROM porto_alegre_net_largest_astar',  ARRAY(SELECT net_id FROM  random_10_origin),  ARRAY(SELECT net_id FROM  random_10_destination),        directed:=TRUE,        heuristic:=2) j                       left JOIN porto_alegre_net_largest_astar AS b                       ON j.edge = b.ogc_fid                       GROUP BY  b.ogc_fid, b.the_geom                       ORDER BY centrality DESC;","EXPLAIN ANALYZE CREATE TABLE centrality_50_50_porto_astrar AS SELECT    b.ogc_fid,   b.the_geom,   count(the_geom) as centrality  FROM pgr_astar(  'SELECT ogc_fid AS id,    fromid AS source,    toid AS target,    weight AS cost,    x1,    y1,    x2,    y2  FROM porto_alegre_net_largest_astar',  ARRAY(SELECT net_id FROM  random_50_origin),  ARRAY(SELECT net_id FROM  random_50_destination),        directed:=TRUE,        heuristic:=2) j                       left JOIN porto_alegre_net_largest_astar AS b                       ON j.edge = b.ogc_fid                       GROUP BY  b.ogc_fid, b.the_geom                       ORDER BY centrality DESC;","EXPLAIN ANALYZE CREATE TABLE centrality_100_100_porto_astrar AS SELECT    b.ogc_fid,   b.the_geom,   count(the_geom) as centrality  FROM pgr_astar(  'SELECT ogc_fid AS id,    fromid AS source,    toid AS target,    weight AS cost,    x1,    y1,    x2,    y2  FROM porto_alegre_net_largest_astar',  ARRAY(SELECT net_id FROM  random_100_origin),  ARRAY(SELECT net_id FROM  random_100_destination),        directed:=TRUE,        heuristic:=2) j                       left JOIN porto_alegre_net_largest_astar AS b                       ON j.edge = b.ogc_fid                       GROUP BY  b.ogc_fid, b.the_geom                       ORDER BY centrality DESC;","EXPLAIN ANALYZE CREATE TABLE centrality_200_200_porto_astrar AS SELECT    b.ogc_fid,   b.the_geom,   count(the_geom) as centrality  FROM pgr_astar(  'SELECT ogc_fid AS id,    fromid AS source,    toid AS target,    weight AS cost,    x1,    y1,    x2,    y2  FROM porto_alegre_net_largest_astar',  ARRAY(SELECT net_id FROM  sampling_weight_200_origin),  ARRAY(SELECT net_id FROM  sampling_weight_200_destination),        directed:=TRUE,        heuristic:=2) j                       left JOIN porto_alegre_net_largest_astar AS b                       ON j.edge = b.ogc_fid                       GROUP BY  b.ogc_fid, b.the_geom                       ORDER BY centrality DESC;","EXPLAIN ANALYZE CREATE TABLE centrality_300_300_porto_astrar AS SELECT    b.ogc_fid,   b.the_geom,   count(the_geom) as centrality  FROM pgr_astar(  'SELECT ogc_fid AS id,    fromid AS source,    toid AS target,    weight AS cost,    x1,    y1,    x2,    y2  FROM porto_alegre_net_largest_astar',  ARRAY(SELECT net_id FROM  sampling_weight_300_origin),  ARRAY(SELECT net_id FROM  sampling_weight_300_destination),        directed:=TRUE,        heuristic:=2) j                       left JOIN porto_alegre_net_largest_astar AS b                       ON j.edge = b.ogc_fid                       GROUP BY  b.ogc_fid, b.the_geom                       ORDER BY centrality DESC;","EXPLAIN ANALYZE CREATE TABLE centrality_10_10_porto_bdastrar AS SELECT    b.ogc_fid,   b.the_geom,   count(the_geom) as centrality  FROM pgr_bdAstar(  'SELECT ogc_fid AS id,    fromid AS source,    toid AS target,    weight AS cost,    x1,    y1,    x2,    y2  FROM porto_alegre_net_largest_astar',  ARRAY(SELECT net_id FROM  random_10_origin),  ARRAY(SELECT net_id FROM  random_10_destination),        directed:=TRUE,        heuristic:=2) j                       left JOIN porto_alegre_net_largest_astar AS b                       ON j.edge = b.ogc_fid                       GROUP BY  b.ogc_fid, b.the_geom                       ORDER BY centrality DESC;","EXPLAIN ANALYZE CREATE TABLE centrality_50_50_porto_bdastrar AS SELECT    b.ogc_fid,   b.the_geom,   count(the_geom) as centrality  FROM pgr_bdAstar(  'SELECT ogc_fid AS id,    fromid AS source,    toid AS target,    weight AS cost,    x1,    y1,    x2,    y2  FROM porto_alegre_net_largest_astar',  ARRAY(SELECT net_id FROM  random_50_origin),  ARRAY(SELECT net_id FROM  random_50_destination),        directed:=TRUE,        heuristic:=2) j                       left JOIN porto_alegre_net_largest_astar AS b                       ON j.edge = b.ogc_fid                       GROUP BY  b.ogc_fid, b.the_geom                       ORDER BY centrality DESC;","EXPLAIN ANALYZE CREATE TABLE centrality_100_100_porto_bdastrar AS SELECT    b.ogc_fid,   b.the_geom,   count(the_geom) as centrality  FROM pgr_bdAstar(  'SELECT ogc_fid AS id,    fromid AS source,    toid AS target,    weight AS cost,    x1,    y1,    x2,    y2  FROM porto_alegre_net_largest_astar',  ARRAY(SELECT net_id FROM  random_100_origin),  ARRAY(SELECT net_id FROM  random_100_destination),        directed:=TRUE,        heuristic:=2) j                       left JOIN porto_alegre_net_largest_astar AS b                       ON j.edge = b.ogc_fid                       GROUP BY  b.ogc_fid, b.the_geom                       ORDER BY centrality DESC;","EXPLAIN ANALYZE CREATE TABLE centrality_200_200_porto_bdastrar AS SELECT    b.ogc_fid,   b.the_geom,   count(the_geom) as centrality  FROM pgr_bdAstar(  'SELECT ogc_fid AS id,    fromid AS source,    toid AS target,    weight AS cost,    x1,    y1,    x2,    y2  FROM porto_alegre_net_largest_astar',  ARRAY(SELECT net_id FROM  sampling_weight_200_origin),  ARRAY(SELECT net_id FROM  sampling_weight_200_destination),        directed:=TRUE,        heuristic:=2) j                       left JOIN porto_alegre_net_largest_astar AS b                       ON j.edge = b.ogc_fid                       GROUP BY  b.ogc_fid, b.the_geom                       ORDER BY centrality DESC;"],["Sort  (cost=3165.08..3167.58 rows=1000 width=64) (actual time=11135.237..11138.781 rows=21673 loops=1)   Sort Key: (count(b.the_geom)) DESC   Sort Method: quicksort  Memory: 2631kB   InitPlan 1 (returns $0)     ->  Seq Scan on random_100_origin  (cost=0.00..2.00 rows=100 width=8) (actual time=0.026..0.057 rows=100 loops=1)   InitPlan 2 (returns $1)     ->  Seq Scan on random_100_destination  (cost=0.00..2.00 rows=100 width=8) (actual time=0.011..0.041 rows=100 loops=1)   ->  HashAggregate  (cost=3101.25..3111.25 rows=1000 width=64) (actual time=11123.499..11130.252 rows=21673 loops=1)         Group Key: b.ogc_fid, b.the_geom         Batches: 1  Memory Usage: 4881kB         ->  Nested Loop Left Join  (cost=0.67..3093.75 rows=1000 width=56) (actual time=4758.712..10019.941 rows=1787766 loops=1)               ->  Function Scan on pgr_dijkstra j  (cost=0.25..10.25 rows=1000 width=8) (actual time=4758.665..5061.741 rows=1787766 loops=1)               ->  Index Scan using idx_porto_alegre_net_largest_id on porto_alegre_net_largest b  (cost=0.42..3.07 rows=1 width=56) (actual time=0.002..0.002 rows=1 loops=1787766)                     Index Cond: (ogc_fid = j.edge) Planning Time: 0.400 ms Execution Time: 11183.865 ms","Sort  (cost=3163.28..3165.78 rows=1000 width=64) (actual time=607.270..607.810 rows=5303 loops=1)   Sort Key: (count(b.the_geom)) DESC   Sort Method: quicksort  Memory: 648kB   InitPlan 1 (returns $0)     ->  Seq Scan on random_10_origin  (cost=0.00..1.10 rows=10 width=8) (actual time=0.012..0.015 rows=10 loops=1)   InitPlan 2 (returns $1)     ->  Seq Scan on random_10_destination  (cost=0.00..1.10 rows=10 width=8) (actual time=0.006..0.008 rows=10 loops=1)   ->  HashAggregate  (cost=3101.25..3111.25 rows=1000 width=64) (actual time=604.275..605.997 rows=5303 loops=1)         Group Key: b.ogc_fid, b.the_geom         Batches: 1  Memory Usage: 1233kB         ->  Nested Loop Left Join  (cost=0.67..3093.75 rows=1000 width=56) (actual time=541.408..593.617 rows=18682 loops=1)               ->  Function Scan on pgr_dijkstra j  (cost=0.25..10.25 rows=1000 width=8) (actual time=541.357..543.010 rows=18682 loops=1)               ->  Index Scan using idx_porto_alegre_net_largest_id on porto_alegre_net_largest b  (cost=0.42..3.07 rows=1 width=56) (actual time=0.002..0.002 rows=1 loops=18682)                     Index Cond: (ogc_fid = j.edge) Planning Time: 0.525 ms Execution Time: 620.371 ms","Sort  (cost=3164.08..3166.58 rows=1000 width=64) (actual time=3663.542..3665.746 rows=15882 loops=1)   Sort Key: (count(b.the_geom)) DESC   Sort Method: quicksort  Memory: 1749kB   InitPlan 1 (returns $0)     ->  Seq Scan on random_50_origin  (cost=0.00..1.50 rows=50 width=8) (actual time=0.012..0.018 rows=50 loops=1)   InitPlan 2 (returns $1)     ->  Seq Scan on random_50_destination  (cost=0.00..1.50 rows=50 width=8) (actual time=0.006..0.011 rows=50 loops=1)   ->  HashAggregate  (cost=3101.25..3111.25 rows=1000 width=64) (actual time=3655.387..3660.160 rows=15882 loops=1)         Group Key: b.ogc_fid, b.the_geom         Batches: 1  Memory Usage: 3857kB         ->  Nested Loop Left Join  (cost=0.67..3093.75 rows=1000 width=56) (actual time=2138.588..3394.153 rows=434594 loops=1)               ->  Function Scan on pgr_dijkstra j  (cost=0.25..10.25 rows=1000 width=8) (actual time=2138.493..2212.747 rows=434594 loops=1)               ->  Index Scan using idx_porto_alegre_net_largest_id on porto_alegre_net_largest b  (cost=0.42..3.07 rows=1 width=56) (actual time=0.002..0.002 rows=1 loops=434594)                     Index Cond: (ogc_fid = j.edge) Planning Time: 0.701 ms Execution Time: 3691.958 ms","Sort  (cost=3169.08..3171.58 rows=1000 width=64) (actual time=34499.671..34505.139 rows=28983 loops=1)   Sort Key: (count(b.the_geom)) DESC   Sort Method: quicksort  Memory: 3259kB   InitPlan 1 (returns $0)     ->  Seq Scan on sampling_weight_200_origin  (cost=0.00..4.00 rows=200 width=8) (actual time=0.102..0.201 rows=200 loops=1)   InitPlan 2 (returns $1)     ->  Seq Scan on sampling_weight_200_destination  (cost=0.00..4.00 rows=200 width=8) (actual time=0.022..0.125 rows=200 loops=1)   ->  HashAggregate  (cost=3101.25..3111.25 rows=1000 width=64) (actual time=34483.930..34492.477 rows=28983 loops=1)         Group Key: b.ogc_fid, b.the_geom         Batches: 1  Memory Usage: 6673kB         ->  Nested Loop Left Join  (cost=0.67..3093.75 rows=1000 width=56) (actual time=12543.026..30546.777 rows=7071064 loops=1)               ->  Function Scan on pgr_dijkstra j  (cost=0.25..10.25 rows=1000 width=8) (actual time=12542.991..13541.139 rows=7071064 loops=1)               ->  Index Scan using idx_porto_alegre_net_largest_id on porto_alegre_net_largest b  (cost=0.42..3.07 rows=1 width=56) (actual time=0.002..0.002 rows=1 loops=7071064)                     Index Cond: (ogc_fid = j.edge) Planning Time: 0.585 ms Execution Time: 34613.245 ms","Sort  (cost=3173.08..3175.58 rows=1000 width=64) (actual time=75239.661..75244.805 rows=32000 loops=1)   Sort Key: (count(b.the_geom)) DESC   Sort Method: quicksort  Memory: 3518kB   InitPlan 1 (returns $0)     ->  Seq Scan on sampling_weight_300_origin  (cost=0.00..6.00 rows=300 width=8) (actual time=0.012..0.053 rows=300 loops=1)   InitPlan 2 (returns $1)     ->  Seq Scan on sampling_weight_300_destination  (cost=0.00..6.00 rows=300 width=8) (actual time=0.007..0.047 rows=300 loops=1)   ->  HashAggregate  (cost=3101.25..3111.25 rows=1000 width=64) (actual time=75223.073..75232.395 rows=32000 loops=1)         Group Key: b.ogc_fid, b.the_geom         Batches: 1  Memory Usage: 6673kB         ->  Nested Loop Left Join  (cost=0.67..3093.75 rows=1000 width=56) (actual time=24895.475..66373.230 rows=15922899 loops=1)               ->  Function Scan on pgr_dijkstra j  (cost=0.25..10.25 rows=1000 width=8) (actual time=24894.983..27429.005 rows=15922899 loops=1)               ->  Index Scan using idx_porto_alegre_net_largest_id on porto_alegre_net_largest b  (cost=0.42..3.07 rows=1 width=56) (actual time=0.002..0.002 rows=1 loops=15922899)                     Index Cond: (ogc_fid = j.edge) Planning Time: 0.639 ms Execution Time: 75505.388 ms","Sort  (cost=3163.28..3165.78 rows=1000 width=64) (actual time=1433.166..1433.511 rows=5303 loops=1)   Sort Key: (count(b.the_geom)) DESC   Sort Method: quicksort  Memory: 648kB   InitPlan 1 (returns $0)     ->  Seq Scan on random_10_origin  (cost=0.00..1.10 rows=10 width=8) (actual time=0.007..0.009 rows=10 loops=1)   InitPlan 2 (returns $1)     ->  Seq Scan on random_10_destination  (cost=0.00..1.10 rows=10 width=8) (actual time=0.004..0.007 rows=10 loops=1)   ->  HashAggregate  (cost=3101.25..3111.25 rows=1000 width=64) (actual time=1430.967..1432.186 rows=5303 loops=1)         Group Key: b.ogc_fid, b.the_geom         Batches: 1  Memory Usage: 1233kB         ->  Nested Loop Left Join  (cost=0.67..3093.75 rows=1000 width=56) (actual time=1369.162..1420.553 rows=18682 loops=1)               ->  Function Scan on pgr_bddijkstra j  (cost=0.25..10.25 rows=1000 width=8) (actual time=1369.121..1370.717 rows=18682 loops=1)               ->  Index Scan using idx_porto_alegre_net_largest_id on porto_alegre_net_largest b  (cost=0.42..3.07 rows=1 width=56) (actual time=0.002..0.002 rows=1 loops=18682)                     Index Cond: (ogc_fid = j.edge) Planning Time: 0.255 ms Execution Time: 1451.953 ms","Sort  (cost=3164.08..3166.58 rows=1000 width=64) (actual time=26199.356..26201.586 rows=15914 loops=1)   Sort Key: (count(b.the_geom)) DESC   Sort Method: quicksort  Memory: 1752kB   InitPlan 1 (returns $0)     ->  Seq Scan on random_50_origin  (cost=0.00..1.50 rows=50 width=8) (actual time=0.014..0.026 rows=50 loops=1)   InitPlan 2 (returns $1)     ->  Seq Scan on random_50_destination  (cost=0.00..1.50 rows=50 width=8) (actual time=0.007..0.018 rows=50 loops=1)   ->  HashAggregate  (cost=3101.25..3111.25 rows=1000 width=64) (actual time=26191.079..26195.836 rows=15914 loops=1)         Group Key: b.ogc_fid, b.the_geom         Batches: 1  Memory Usage: 3857kB         ->  Nested Loop Left Join  (cost=0.67..3093.75 rows=1000 width=56) (actual time=24833.815..25957.779 rows=435534 loops=1)               ->  Function Scan on pgr_bddijkstra j  (cost=0.25..10.25 rows=1000 width=8) (actual time=24833.767..24896.623 rows=435534 loops=1)               ->  Index Scan using idx_porto_alegre_net_largest_id on porto_alegre_net_largest b  (cost=0.42..3.07 rows=1 width=56) (actual time=0.002..0.002 rows=1 loops=435534)                     Index Cond: (ogc_fid = j.edge) Planning Time: 0.348 ms Execution Time: 26234.063 ms","Sort  (cost=3165.08..3167.58 rows=1000 width=64) (actual time=108861.513..108864.956 rows=21888 loops=1)   Sort Key: (count(b.the_geom)) DESC   Sort Method: quicksort  Memory: 2649kB   InitPlan 1 (returns $0)     ->  Seq Scan on random_100_origin  (cost=0.00..2.00 rows=100 width=8) (actual time=0.011..0.023 rows=100 loops=1)   InitPlan 2 (returns $1)     ->  Seq Scan on random_100_destination  (cost=0.00..2.00 rows=100 width=8) (actual time=0.006..0.018 rows=100 loops=1)   ->  HashAggregate  (cost=3101.25..3111.25 rows=1000 width=64) (actual time=108848.834..108855.812 rows=21888 loops=1)         Group Key: b.ogc_fid, b.the_geom         Batches: 1  Memory Usage: 4881kB         ->  Nested Loop Left Join  (cost=0.67..3093.75 rows=1000 width=56) (actual time=102499.589..107760.597 rows=1791360 loops=1)               ->  Function Scan on pgr_bddijkstra j  (cost=0.25..10.25 rows=1000 width=8) (actual time=102499.524..102794.220 rows=1791360 loops=1)               ->  Index Scan using idx_porto_alegre_net_largest_id on porto_alegre_net_largest b  (cost=0.42..3.07 rows=1 width=56) (actual time=0.002..0.002 rows=1 loops=1791360)                     Index Cond: (ogc_fid = j.edge) Planning Time: 0.343 ms Execution Time: 108916.104 ms","Sort  (cost=3169.08..3171.58 rows=1000 width=64) (actual time=426276.331..426280.991 rows=29479 loops=1)   Sort Key: (count(b.the_geom)) DESC   Sort Method: quicksort  Memory: 3302kB   InitPlan 1 (returns $0)     ->  Seq Scan on sampling_weight_200_origin  (cost=0.00..4.00 rows=200 width=8) (actual time=0.193..0.254 rows=200 loops=1)   InitPlan 2 (returns $1)     ->  Seq Scan on sampling_weight_200_destination  (cost=0.00..4.00 rows=200 width=8) (actual time=0.150..0.206 rows=200 loops=1)   ->  HashAggregate  (cost=3101.25..3111.25 rows=1000 width=64) (actual time=426258.127..426268.264 rows=29479 loops=1)         Group Key: b.ogc_fid, b.the_geom         Batches: 1  Memory Usage: 6673kB         ->  Nested Loop Left Join  (cost=0.67..3093.75 rows=1000 width=56) (actual time=401173.398..421886.410 rows=7085087 loops=1)               ->  Function Scan on pgr_bddijkstra j  (cost=0.25..10.25 rows=1000 width=8) (actual time=401172.910..402370.334 rows=7085087 loops=1)               ->  Index Scan using idx_porto_alegre_net_largest_id on porto_alegre_net_largest b  (cost=0.42..3.07 rows=1 width=56) (actual time=0.002..0.002 rows=1 loops=7085087)                     Index Cond: (ogc_fid = j.edge) Planning Time: 36.572 ms Execution Time: 426489.553 ms","Sort  (cost=8577.04..8579.54 rows=1000 width=64) (actual time=768.985..769.519 rows=5303 loops=1)   Sort Key: (count(b.the_geom)) DESC   Sort Method: quicksort  Memory: 648kB   InitPlan 1 (returns $0)     ->  Seq Scan on random_10_origin  (cost=0.00..1.10 rows=10 width=8) (actual time=0.018..0.021 rows=10 loops=1)   InitPlan 2 (returns $1)     ->  Seq Scan on random_10_destination  (cost=0.00..1.10 rows=10 width=8) (actual time=0.006..0.008 rows=10 loops=1)   ->  GroupAggregate  (cost=8505.01..8525.01 rows=1000 width=64) (actual time=757.833..767.810 rows=5303 loops=1)         Group Key: b.ogc_fid, b.the_geom         ->  Sort  (cost=8505.01..8507.51 rows=1000 width=56) (actual time=757.819..759.974 rows=18682 loops=1)               Sort Key: b.ogc_fid, b.the_geom               Sort Method: quicksort  Memory: 2223kB               ->  Hash Left Join  (cost=8431.43..8455.18 rows=1000 width=56) (actual time=744.178..751.771 rows=18682 loops=1)                     Hash Cond: (j.edge = b.ogc_fid)                     ->  Function Scan on pgr_astar j  (cost=0.25..10.25 rows=1000 width=8) (actual time=676.878..678.130 rows=18682 loops=1)                     ->  Hash  (cost=6236.08..6236.08 rows=175608 width=56) (actual time=67.183..67.184 rows=175608 loops=1)                           Buckets: 262144  Batches: 1  Memory Usage: 16625kB                           ->  Seq Scan on porto_alegre_net_largest_astar b  (cost=0.00..6236.08 rows=175608 width=56) (actual time=0.017..29.060 rows=175608 loops=1) Planning Time: 0.357 ms Execution Time: 770.139 ms","Sort  (cost=8577.84..8580.34 rows=1000 width=64) (actual time=4359.528..4361.735 rows=15882 loops=1)   Sort Key: (count(b.the_geom)) DESC   Sort Method: quicksort  Memory: 1749kB   InitPlan 1 (returns $0)     ->  Seq Scan on random_50_origin  (cost=0.00..1.50 rows=50 width=8) (actual time=0.509..0.534 rows=50 loops=1)   InitPlan 2 (returns $1)     ->  Seq Scan on random_50_destination  (cost=0.00..1.50 rows=50 width=8) (actual time=0.271..0.298 rows=50 loops=1)   ->  GroupAggregate  (cost=8505.01..8525.01 rows=1000 width=64) (actual time=4161.448..4356.037 rows=15882 loops=1)         Group Key: b.ogc_fid, b.the_geom         ->  Sort  (cost=8505.01..8507.51 rows=1000 width=56) (actual time=4161.408..4259.997 rows=434594 loops=1)               Sort Key: b.ogc_fid, b.the_geom               Sort Method: external merge  Disk: 26672kB               ->  Hash Left Join  (cost=8431.43..8455.18 rows=1000 width=56) (actual time=3735.785..3921.312 rows=434594 loops=1)                     Hash Cond: (j.edge = b.ogc_fid)                     ->  Function Scan on pgr_astar j  (cost=0.25..10.25 rows=1000 width=8) (actual time=3661.874..3711.643 rows=434594 loops=1)                     ->  Hash  (cost=6236.08..6236.08 rows=175608 width=56) (actual time=73.748..73.749 rows=175608 loops=1)                           Buckets: 262144  Batches: 1  Memory Usage: 16625kB                           ->  Seq Scan on porto_alegre_net_largest_astar b  (cost=0.00..6236.08 rows=175608 width=56) (actual time=0.012..32.118 rows=175608 loops=1) Planning Time: 0.790 ms Execution Time: 4390.494 ms","Sort  (cost=8578.84..8581.34 rows=1000 width=64) (actual time=12244.543..12247.630 rows=21673 loops=1)   Sort Key: (count(b.the_geom)) DESC   Sort Method: quicksort  Memory: 2631kB   InitPlan 1 (returns $0)     ->  Seq Scan on random_100_origin  (cost=0.00..2.00 rows=100 width=8) (actual time=0.014..0.032 rows=100 loops=1)   InitPlan 2 (returns $1)     ->  Seq Scan on random_100_destination  (cost=0.00..2.00 rows=100 width=8) (actual time=0.315..0.340 rows=100 loops=1)   ->  GroupAggregate  (cost=8505.01..8525.01 rows=1000 width=64) (actual time=11383.791..12239.087 rows=21673 loops=1)         Group Key: b.ogc_fid, b.the_geom         ->  Sort  (cost=8505.01..8507.51 rows=1000 width=56) (actual time=11383.658..11871.002 rows=1787766 loops=1)               Sort Key: b.ogc_fid, b.the_geom               Sort Method: external merge  Disk: 109736kB               ->  Hash Left Join  (cost=8431.43..8455.18 rows=1000 width=56) (actual time=9526.664..10370.857 rows=1787766 loops=1)                     Hash Cond: (j.edge = b.ogc_fid)                     ->  Function Scan on pgr_astar j  (cost=0.25..10.25 rows=1000 width=8) (actual time=9457.479..9678.252 rows=1787766 loops=1)                     ->  Hash  (cost=6236.08..6236.08 rows=175608 width=56) (actual time=69.052..69.053 rows=175608 loops=1)                           Buckets: 262144  Batches: 1  Memory Usage: 16625kB                           ->  Seq Scan on porto_alegre_net_largest_astar b  (cost=0.00..6236.08 rows=175608 width=56) (actual time=0.013..29.050 rows=175608 loops=1) Planning Time: 0.373 ms Execution Time: 12319.547 ms","Sort  (cost=8582.84..8585.34 rows=1000 width=64) (actual time=38249.748..38254.173 rows=28983 loops=1)   Sort Key: (count(b.the_geom)) DESC   Sort Method: quicksort  Memory: 3259kB   InitPlan 1 (returns $0)     ->  Seq Scan on sampling_weight_200_origin  (cost=0.00..4.00 rows=200 width=8) (actual time=0.021..0.099 rows=200 loops=1)   InitPlan 2 (returns $1)     ->  Seq Scan on sampling_weight_200_destination  (cost=0.00..4.00 rows=200 width=8) (actual time=0.018..0.095 rows=200 loops=1)   ->  GroupAggregate  (cost=8505.01..8525.01 rows=1000 width=64) (actual time=34639.396..38240.873 rows=28983 loops=1)         Group Key: b.ogc_fid, b.the_geom         ->  Sort  (cost=8505.01..8507.51 rows=1000 width=56) (actual time=34638.821..36809.853 rows=7071064 loops=1)               Sort Key: b.ogc_fid, b.the_geom               Sort Method: external merge  Disk: 434032kB               ->  Hash Left Join  (cost=8431.43..8455.18 rows=1000 width=56) (actual time=27677.391..30834.830 rows=7071064 loops=1)                     Hash Cond: (j.edge = b.ogc_fid)                     ->  Function Scan on pgr_astar j  (cost=0.25..10.25 rows=1000 width=8) (actual time=27609.426..28439.714 rows=7071064 loops=1)                     ->  Hash  (cost=6236.08..6236.08 rows=175608 width=56) (actual time=67.825..67.825 rows=175608 loops=1)                           Buckets: 262144  Batches: 1  Memory Usage: 16625kB                           ->  Seq Scan on porto_alegre_net_largest_astar b  (cost=0.00..6236.08 rows=175608 width=56) (actual time=0.013..28.690 rows=175608 loops=1) Planning Time: 0.591 ms Execution Time: 38444.056 ms","Sort  (cost=8586.84..8589.34 rows=1000 width=64) (actual time=88849.452..88854.504 rows=32000 loops=1)   Sort Key: (count(b.the_geom)) DESC   Sort Method: quicksort  Memory: 3518kB   InitPlan 1 (returns $0)     ->  Seq Scan on sampling_weight_300_origin  (cost=0.00..6.00 rows=300 width=8) (actual time=0.319..0.559 rows=300 loops=1)   InitPlan 2 (returns $1)     ->  Seq Scan on sampling_weight_300_destination  (cost=0.00..6.00 rows=300 width=8) (actual time=0.247..0.453 rows=300 loops=1)   ->  GroupAggregate  (cost=8505.01..8525.01 rows=1000 width=64) (actual time=81044.287..88828.764 rows=32000 loops=1)         Group Key: b.ogc_fid, b.the_geom         ->  Sort  (cost=8505.01..8507.51 rows=1000 width=56) (actual time=81042.282..84664.286 rows=15922899 loops=1)               Sort Key: b.ogc_fid, b.the_geom               Sort Method: external merge  Disk: 977136kB               ->  Hash Left Join  (cost=8431.43..8455.18 rows=1000 width=56) (actual time=59212.329..66886.522 rows=15922899 loops=1)                     Hash Cond: (j.edge = b.ogc_fid)                     ->  Function Scan on pgr_astar j  (cost=0.25..10.25 rows=1000 width=8) (actual time=59108.049..61133.560 rows=15922899 loops=1)                     ->  Hash  (cost=6236.08..6236.08 rows=175608 width=56) (actual time=103.949..103.950 rows=175608 loops=1)                           Buckets: 262144  Batches: 1  Memory Usage: 16625kB                           ->  Seq Scan on porto_alegre_net_largest_astar b  (cost=0.00..6236.08 rows=175608 width=56) (actual time=0.014..46.570 rows=175608 loops=1) Planning Time: 6.017 ms Execution Time: 89211.976 ms","Sort  (cost=8577.04..8579.54 rows=1000 width=64) (actual time=1657.330..1657.914 rows=5193 loops=1)   Sort Key: (count(b.the_geom)) DESC   Sort Method: quicksort  Memory: 639kB   InitPlan 1 (returns $0)     ->  Seq Scan on random_10_origin  (cost=0.00..1.10 rows=10 width=8) (actual time=0.013..0.017 rows=10 loops=1)   InitPlan 2 (returns $1)     ->  Seq Scan on random_10_destination  (cost=0.00..1.10 rows=10 width=8) (actual time=0.006..0.011 rows=10 loops=1)   ->  GroupAggregate  (cost=8505.01..8525.01 rows=1000 width=64) (actual time=1646.475..1656.284 rows=5193 loops=1)         Group Key: b.ogc_fid, b.the_geom         ->  Sort  (cost=8505.01..8507.51 rows=1000 width=56) (actual time=1646.457..1648.758 rows=18776 loops=1)               Sort Key: b.ogc_fid, b.the_geom               Sort Method: quicksort  Memory: 2230kB               ->  Hash Left Join  (cost=8431.43..8455.18 rows=1000 width=56) (actual time=1625.290..1637.499 rows=18776 loops=1)                     Hash Cond: (j.edge = b.ogc_fid)                     ->  Function Scan on pgr_bdastar j  (cost=0.25..10.25 rows=1000 width=8) (actual time=1542.172..1543.932 rows=18776 loops=1)                     ->  Hash  (cost=6236.08..6236.08 rows=175608 width=56) (actual time=82.998..82.999 rows=175608 loops=1)                           Buckets: 262144  Batches: 1  Memory Usage: 16625kB                           ->  Seq Scan on porto_alegre_net_largest_astar b  (cost=0.00..6236.08 rows=175608 width=56) (actual time=0.016..36.264 rows=175608 loops=1) Planning Time: 0.183 ms Execution Time: 1667.918 ms","Sort  (cost=8577.84..8580.34 rows=1000 width=64) (actual time=27898.701..27900.875 rows=16075 loops=1)   Sort Key: (count(b.the_geom)) DESC   Sort Method: quicksort  Memory: 1766kB   InitPlan 1 (returns $0)     ->  Seq Scan on random_50_origin  (cost=0.00..1.50 rows=50 width=8) (actual time=0.011..0.020 rows=50 loops=1)   InitPlan 2 (returns $1)     ->  Seq Scan on random_50_destination  (cost=0.00..1.50 rows=50 width=8) (actual time=0.005..0.013 rows=50 loops=1)   ->  GroupAggregate  (cost=8505.01..8525.01 rows=1000 width=64) (actual time=27701.769..27895.244 rows=16075 loops=1)         Group Key: b.ogc_fid, b.the_geom         ->  Sort  (cost=8505.01..8507.51 rows=1000 width=56) (actual time=27701.732..27800.722 rows=435429 loops=1)               Sort Key: b.ogc_fid, b.the_geom               Sort Method: external merge  Disk: 26720kB               ->  Hash Left Join  (cost=8431.43..8455.18 rows=1000 width=56) (actual time=27225.949..27439.013 rows=435429 loops=1)                     Hash Cond: (j.edge = b.ogc_fid)                     ->  Function Scan on pgr_bdastar j  (cost=0.25..10.25 rows=1000 width=8) (actual time=27154.302..27208.107 rows=435429 loops=1)                     ->  Hash  (cost=6236.08..6236.08 rows=175608 width=56) (actual time=71.515..71.516 rows=175608 loops=1)                           Buckets: 262144  Batches: 1  Memory Usage: 16625kB                           ->  Seq Scan on porto_alegre_net_largest_astar b  (cost=0.00..6236.08 rows=175608 width=56) (actual time=0.013..30.185 rows=175608 loops=1) Planning Time: 0.230 ms Execution Time: 27935.192 ms","Sort  (cost=8578.84..8581.34 rows=1000 width=64) (actual time=110353.698..110356.793 rows=22053 loops=1)   Sort Key: (count(b.the_geom)) DESC   Sort Method: quicksort  Memory: 2664kB   InitPlan 1 (returns $0)     ->  Seq Scan on random_100_origin  (cost=0.00..2.00 rows=100 width=8) (actual time=0.015..0.032 rows=100 loops=1)   InitPlan 2 (returns $1)     ->  Seq Scan on random_100_destination  (cost=0.00..2.00 rows=100 width=8) (actual time=0.011..0.028 rows=100 loops=1)   ->  GroupAggregate  (cost=8505.01..8525.01 rows=1000 width=64) (actual time=109525.205..110348.564 rows=22053 loops=1)         Group Key: b.ogc_fid, b.the_geom         ->  Sort  (cost=8505.01..8507.51 rows=1000 width=56) (actual time=109525.026..109992.182 rows=1791492 loops=1)               Sort Key: b.ogc_fid, b.the_geom               Sort Method: external merge  Disk: 109968kB               ->  Hash Left Join  (cost=8431.43..8455.18 rows=1000 width=56) (actual time=107588.397..108480.273 rows=1791492 loops=1)                     Hash Cond: (j.edge = b.ogc_fid)                     ->  Function Scan on pgr_bdastar j  (cost=0.25..10.25 rows=1000 width=8) (actual time=107508.414..107738.728 rows=1791492 loops=1)                     ->  Hash  (cost=6236.08..6236.08 rows=175608 width=56) (actual time=79.853..79.854 rows=175608 loops=1)                           Buckets: 262144  Batches: 1  Memory Usage: 16625kB                           ->  Seq Scan on porto_alegre_net_largest_astar b  (cost=0.00..6236.08 rows=175608 width=56) (actual time=0.013..34.527 rows=175608 loops=1) Planning Time: 0.387 ms Execution Time: 110424.801 ms","Sort  (cost=8582.84..8585.34 rows=1000 width=64) (actual time=430749.390..430754.215 rows=29645 loops=1)   Sort Key: (count(b.the_geom)) DESC   Sort Method: quicksort  Memory: 3316kB   InitPlan 1 (returns $0)     ->  Seq Scan on sampling_weight_200_origin  (cost=0.00..4.00 rows=200 width=8) (actual time=0.013..0.051 rows=200 loops=1)   InitPlan 2 (returns $1)     ->  Seq Scan on sampling_weight_200_destination  (cost=0.00..4.00 rows=200 width=8) (actual time=0.008..0.268 rows=200 loops=1)   ->  GroupAggregate  (cost=8505.01..8525.01 rows=1000 width=64) (actual time=427198.758..430740.610 rows=29645 loops=1)         Group Key: b.ogc_fid, b.the_geom         ->  Sort  (cost=8505.01..8507.51 rows=1000 width=56) (actual time=427198.229..429342.776 rows=7075521 loops=1)               Sort Key: b.ogc_fid, b.the_geom               Sort Method: external merge  Disk: 434304kB               ->  Hash Left Join  (cost=8431.43..8455.18 rows=1000 width=56) (actual time=420326.169..423368.515 rows=7075521 loops=1)                     Hash Cond: (j.edge = b.ogc_fid)                     ->  Function Scan on pgr_bdastar j  (cost=0.25..10.25 rows=1000 width=8) (actual time=420251.562..421080.272 rows=7075521 loops=1)                     ->  Hash  (cost=6236.08..6236.08 rows=175608 width=56) (actual time=74.446..74.447 rows=175608 loops=1)                           Buckets: 262144  Batches: 1  Memory Usage: 16625kB                           ->  Seq Scan on porto_alegre_net_largest_astar b  (cost=0.00..6236.08 rows=175608 width=56) (actual time=0.017..31.956 rows=175608 loops=1) Planning Time: 0.440 ms Execution Time: 430940.623 ms"]],"container":"<table class=\"compact\">\n  <thead>\n    <tr>\n      <th>number_od<\/th>\n      <th>algorithm<\/th>\n      <th>time<\/th>\n      <th>query<\/th>\n      <th>analyze<\/th>\n    <\/tr>\n  <\/thead>\n<\/table>","options":{"order":[[0,"asc"],[2,"asc"]],"rowGroup":{"dataSrc":0},"dom":"Bfrtip","columnDefs":[{"visible":false,"targets":[3,4]},{"className":"dt-right","targets":[0,2]},{"name":"number_od","targets":0},{"name":"algorithm","targets":1},{"name":"time","targets":2},{"name":"query","targets":3},{"name":"analyze","targets":4}],"buttons":["copy","csv","pdf"],"initComplete":"function(settings, json) {\n$(this.api().table().header()).css({'background-color': '#d50038', 'color': '#fff'});\n}","autoWidth":false,"orderClasses":false,"rowCallback":"function(row, data, displayNum, displayIndex, dataIndex) {\nvar value=data[2]; $(this.api().cell(row, 2).node()).css({'background':isNaN(parseFloat(value)) || value <= 620.371000 ? '' : 'linear-gradient(90.000000deg, transparent ' + Math.max(430940.623000 - value, 0)/430320.252000 * 100 + '%, #ee8b8b ' + Math.max(430940.623000 - value, 0)/430320.252000 * 100 + '%)','background-size':'98% 88%','background-repeat':'no-repeat','background-position':'center'});\n}"}},"evals":["options.initComplete","options.rowCallback"],"jsHooks":[]}</script>
</div>
</div>
</section>
<section id="section" class="level2" data-number="A.1">
<h2 data-number="A.1" class="anchored" data-anchor-id="section"><span class="header-section-number">A.1</span> 10</h2>
<div class="cell">
<details>
<summary>Show the code</summary>
<div class="sourceCode cell-code" id="cb8"><pre class="sourceCode sql code-with-copy"><code class="sourceCode sql"></code><button title="Copy to Clipboard" class="code-copy-button"><i class="bi"></i></button></pre></div>
</details>
</div>
</section>
<section id="section-1" class="level2" data-number="A.2">
<h2 data-number="A.2" class="anchored" data-anchor-id="section-1"><span class="header-section-number">A.2</span> 50</h2>
<div class="cell">
<details>
<summary>Show the code</summary>
<div class="sourceCode cell-code" id="cb9"><pre class="sourceCode sql code-with-copy"><code class="sourceCode sql"></code><button title="Copy to Clipboard" class="code-copy-button"><i class="bi"></i></button></pre></div>
</details>
</div>
</section>
<section id="section-2" class="level2" data-number="A.3">
<h2 data-number="A.3" class="anchored" data-anchor-id="section-2"><span class="header-section-number">A.3</span> 100</h2>
<div class="cell">
<details>
<summary>Show the code</summary>
<div class="sourceCode cell-code" id="cb10"><pre class="sourceCode sql code-with-copy"><code class="sourceCode sql"></code><button title="Copy to Clipboard" class="code-copy-button"><i class="bi"></i></button></pre></div>
</details>
</div>
</section>
<section id="section-3" class="level2" data-number="A.4">
<h2 data-number="A.4" class="anchored" data-anchor-id="section-3"><span class="header-section-number">A.4</span> 200</h2>
<div class="cell">
<details>
<summary>Show the code</summary>
<div class="sourceCode cell-code" id="cb11"><pre class="sourceCode sql code-with-copy"><code class="sourceCode sql"><span id="cb11-1"><a href="#cb11-1" aria-hidden="true" tabindex="-1"></a><span class="co">---- Create 200 origin</span></span>
<span id="cb11-2"><a href="#cb11-2" aria-hidden="true" tabindex="-1"></a><span class="kw">CREATE</span> <span class="kw">TABLE</span> sampling_weight_200_origin  <span class="kw">AS</span></span>
<span id="cb11-3"><a href="#cb11-3" aria-hidden="true" tabindex="-1"></a><span class="kw">with</span> porto_200_origin <span class="kw">AS</span> (</span>
<span id="cb11-4"><a href="#cb11-4" aria-hidden="true" tabindex="-1"></a>        <span class="kw">SELECT</span></span>
<span id="cb11-5"><a href="#cb11-5" aria-hidden="true" tabindex="-1"></a>            <span class="op">*</span> </span>
<span id="cb11-6"><a href="#cb11-6" aria-hidden="true" tabindex="-1"></a>        <span class="kw">FROM</span> </span>
<span id="cb11-7"><a href="#cb11-7" aria-hidden="true" tabindex="-1"></a>            od_2728_snapped_origin </span>
<span id="cb11-8"><a href="#cb11-8" aria-hidden="true" tabindex="-1"></a>        <span class="kw">ORDER</span> <span class="kw">BY</span> <span class="kw">random</span>() <span class="kw">LIMIT</span> <span class="dv">200</span>)</span>
<span id="cb11-9"><a href="#cb11-9" aria-hidden="true" tabindex="-1"></a>        <span class="kw">SELECT</span> <span class="op">*</span> <span class="kw">FROM</span>  porto_200_origin;  </span>
<span id="cb11-10"><a href="#cb11-10" aria-hidden="true" tabindex="-1"></a><span class="co">---- Create 200 destination</span></span>
<span id="cb11-11"><a href="#cb11-11" aria-hidden="true" tabindex="-1"></a><span class="kw">CREATE</span> <span class="kw">TABLE</span> sampling_weight_200_destination  <span class="kw">AS</span></span>
<span id="cb11-12"><a href="#cb11-12" aria-hidden="true" tabindex="-1"></a><span class="kw">with</span> porto_200_destination <span class="kw">AS</span> (</span>
<span id="cb11-13"><a href="#cb11-13" aria-hidden="true" tabindex="-1"></a>        <span class="kw">SELECT</span></span>
<span id="cb11-14"><a href="#cb11-14" aria-hidden="true" tabindex="-1"></a>            <span class="op">*</span> </span>
<span id="cb11-15"><a href="#cb11-15" aria-hidden="true" tabindex="-1"></a>        <span class="kw">FROM</span> </span>
<span id="cb11-16"><a href="#cb11-16" aria-hidden="true" tabindex="-1"></a>            od_2728_snapped_origin </span>
<span id="cb11-17"><a href="#cb11-17" aria-hidden="true" tabindex="-1"></a>        <span class="kw">ORDER</span> <span class="kw">BY</span> <span class="kw">random</span>() <span class="kw">LIMIT</span> <span class="dv">200</span>)</span>
<span id="cb11-18"><a href="#cb11-18" aria-hidden="true" tabindex="-1"></a>        <span class="kw">SELECT</span> <span class="op">*</span> <span class="kw">FROM</span>  porto_200_destination;  </span>
<span id="cb11-19"><a href="#cb11-19" aria-hidden="true" tabindex="-1"></a><span class="co">---- Create index for origin</span></span>
<span id="cb11-20"><a href="#cb11-20" aria-hidden="true" tabindex="-1"></a><span class="kw">CREATE</span> <span class="kw">INDEX</span> idx_sampling_weight_200_origin_net_id <span class="kw">ON</span> sampling_weight_200_origin <span class="kw">USING</span> <span class="kw">hash</span>(net_id);</span>
<span id="cb11-21"><a href="#cb11-21" aria-hidden="true" tabindex="-1"></a><span class="kw">CREATE</span> <span class="kw">INDEX</span> idx_sampling_weight_200_origin_geom <span class="kw">ON</span> sampling_weight_200_origin <span class="kw">USING</span> gist(the_geom);</span>
<span id="cb11-22"><a href="#cb11-22" aria-hidden="true" tabindex="-1"></a><span class="co">---- Create index for destination</span></span>
<span id="cb11-23"><a href="#cb11-23" aria-hidden="true" tabindex="-1"></a><span class="kw">CREATE</span> <span class="kw">INDEX</span> idx_sampling_weight_200_destination_net_id <span class="kw">ON</span> sampling_weight_200_destination <span class="kw">USING</span> <span class="kw">hash</span>(net_id);</span>
<span id="cb11-24"><a href="#cb11-24" aria-hidden="true" tabindex="-1"></a><span class="kw">CREATE</span> <span class="kw">INDEX</span> idx_sampling_weight_200_destination_geom <span class="kw">ON</span> sampling_weight_200_destination <span class="kw">USING</span> gist(the_geom);</span>
<span id="cb11-25"><a href="#cb11-25" aria-hidden="true" tabindex="-1"></a><span class="co">---- Cluster</span></span>
<span id="cb11-26"><a href="#cb11-26" aria-hidden="true" tabindex="-1"></a><span class="kw">CLUSTER</span> porto_alegre_net_largest <span class="kw">USING</span> idx_porto_alegre_net_largest_geom;</span>
<span id="cb11-27"><a href="#cb11-27" aria-hidden="true" tabindex="-1"></a><span class="co">---- Vacuum clean</span></span>
<span id="cb11-28"><a href="#cb11-28" aria-hidden="true" tabindex="-1"></a>VACUUM(<span class="kw">full</span>, <span class="kw">ANALYZE</span>) sampling_weight_200_origin;</span>
<span id="cb11-29"><a href="#cb11-29" aria-hidden="true" tabindex="-1"></a>VACUUM(<span class="kw">full</span>, <span class="kw">ANALYZE</span>) sampling_weight_200_destination;</span>
<span id="cb11-30"><a href="#cb11-30" aria-hidden="true" tabindex="-1"></a>VACUUM(<span class="kw">full</span>, <span class="kw">ANALYZE</span>) porto_alegre_net_largest;</span>
<span id="cb11-31"><a href="#cb11-31" aria-hidden="true" tabindex="-1"></a><span class="co">--- Run query</span></span>
<span id="cb11-32"><a href="#cb11-32" aria-hidden="true" tabindex="-1"></a></span>
<span id="cb11-33"><a href="#cb11-33" aria-hidden="true" tabindex="-1"></a><span class="kw">EXPLAIN</span> <span class="kw">ANALYZE</span></span>
<span id="cb11-34"><a href="#cb11-34" aria-hidden="true" tabindex="-1"></a> <span class="kw">CREATE</span> <span class="kw">TABLE</span> centrality_200_200_porto <span class="kw">AS</span></span>
<span id="cb11-35"><a href="#cb11-35" aria-hidden="true" tabindex="-1"></a> <span class="kw">SELECT</span>   b.ogc_fid,</span>
<span id="cb11-36"><a href="#cb11-36" aria-hidden="true" tabindex="-1"></a> b.the_geom,</span>
<span id="cb11-37"><a href="#cb11-37" aria-hidden="true" tabindex="-1"></a> <span class="fu">count</span>(the_geom) <span class="kw">as</span> centrality </span>
<span id="cb11-38"><a href="#cb11-38" aria-hidden="true" tabindex="-1"></a> <span class="kw">FROM</span>  pgr_dijkstra(<span class="st">'SELECT  ogc_fid AS id,</span></span>
<span id="cb11-39"><a href="#cb11-39" aria-hidden="true" tabindex="-1"></a><span class="st">                              fromid AS source,</span></span>
<span id="cb11-40"><a href="#cb11-40" aria-hidden="true" tabindex="-1"></a><span class="st">                            toid AS target,</span></span>
<span id="cb11-41"><a href="#cb11-41" aria-hidden="true" tabindex="-1"></a><span class="st">                            weight AS cost</span></span>
<span id="cb11-42"><a href="#cb11-42" aria-hidden="true" tabindex="-1"></a><span class="st">                      FROM porto_alegre_net_largest'</span>,</span>
<span id="cb11-43"><a href="#cb11-43" aria-hidden="true" tabindex="-1"></a>                      <span class="dt">ARRAY</span>(<span class="kw">SELECT</span> net_id <span class="kw">AS</span> start_id <span class="kw">FROM</span> porto_200_origin  ),</span>
<span id="cb11-44"><a href="#cb11-44" aria-hidden="true" tabindex="-1"></a>                      <span class="dt">ARRAY</span>(<span class="kw">SELECT</span> net_id <span class="kw">AS</span> end_id <span class="kw">FROM</span> porto_200_destination ),</span>
<span id="cb11-45"><a href="#cb11-45" aria-hidden="true" tabindex="-1"></a>                      directed <span class="op">:=</span> <span class="kw">TRUE</span>) j</span>
<span id="cb11-46"><a href="#cb11-46" aria-hidden="true" tabindex="-1"></a>                      <span class="kw">left</span> <span class="kw">JOIN</span> porto_alegre_net_largest <span class="kw">AS</span> b</span>
<span id="cb11-47"><a href="#cb11-47" aria-hidden="true" tabindex="-1"></a>                      <span class="kw">ON</span> j.edge <span class="op">=</span> b.ogc_fid</span>
<span id="cb11-48"><a href="#cb11-48" aria-hidden="true" tabindex="-1"></a>                      <span class="kw">GROUP</span> <span class="kw">BY</span>  b.ogc_fid, b.the_geom</span>
<span id="cb11-49"><a href="#cb11-49" aria-hidden="true" tabindex="-1"></a>                      <span class="kw">ORDER</span> <span class="kw">BY</span> centrality <span class="kw">DESC</span>;  </span></code><button title="Copy to Clipboard" class="code-copy-button"><i class="bi"></i></button></pre></div>
</details>
</div>
</section>
<section id="section-4" class="level2" data-number="A.5">
<h2 data-number="A.5" class="anchored" data-anchor-id="section-4"><span class="header-section-number">A.5</span> 300</h2>
<div class="cell">
<details>
<summary>Show the code</summary>
<div class="sourceCode cell-code" id="cb12"><pre class="sourceCode sql code-with-copy"><code class="sourceCode sql"><span id="cb12-1"><a href="#cb12-1" aria-hidden="true" tabindex="-1"></a></span>
<span id="cb12-2"><a href="#cb12-2" aria-hidden="true" tabindex="-1"></a><span class="co">---- 300</span></span>
<span id="cb12-3"><a href="#cb12-3" aria-hidden="true" tabindex="-1"></a></span>
<span id="cb12-4"><a href="#cb12-4" aria-hidden="true" tabindex="-1"></a><span class="co">---- Create 300 origin</span></span>
<span id="cb12-5"><a href="#cb12-5" aria-hidden="true" tabindex="-1"></a><span class="kw">CREATE</span> <span class="kw">TABLE</span> sampling_weight_300_origin  <span class="kw">AS</span></span>
<span id="cb12-6"><a href="#cb12-6" aria-hidden="true" tabindex="-1"></a><span class="kw">with</span> porto_300_origin <span class="kw">AS</span> (</span>
<span id="cb12-7"><a href="#cb12-7" aria-hidden="true" tabindex="-1"></a>        <span class="kw">SELECT</span></span>
<span id="cb12-8"><a href="#cb12-8" aria-hidden="true" tabindex="-1"></a>            <span class="op">*</span> </span>
<span id="cb12-9"><a href="#cb12-9" aria-hidden="true" tabindex="-1"></a>        <span class="kw">FROM</span> </span>
<span id="cb12-10"><a href="#cb12-10" aria-hidden="true" tabindex="-1"></a>            od_2728_snapped_origin </span>
<span id="cb12-11"><a href="#cb12-11" aria-hidden="true" tabindex="-1"></a>        <span class="kw">ORDER</span> <span class="kw">BY</span> <span class="kw">random</span>() <span class="kw">LIMIT</span> <span class="dv">300</span>)</span>
<span id="cb12-12"><a href="#cb12-12" aria-hidden="true" tabindex="-1"></a>        <span class="kw">SELECT</span> <span class="op">*</span> <span class="kw">FROM</span>  porto_300_origin;  </span>
<span id="cb12-13"><a href="#cb12-13" aria-hidden="true" tabindex="-1"></a><span class="co">---- Create 300 destination</span></span>
<span id="cb12-14"><a href="#cb12-14" aria-hidden="true" tabindex="-1"></a><span class="kw">CREATE</span> <span class="kw">TABLE</span> sampling_weight_300_destination  <span class="kw">AS</span></span>
<span id="cb12-15"><a href="#cb12-15" aria-hidden="true" tabindex="-1"></a><span class="kw">with</span> porto_300_destination <span class="kw">AS</span> (</span>
<span id="cb12-16"><a href="#cb12-16" aria-hidden="true" tabindex="-1"></a>        <span class="kw">SELECT</span></span>
<span id="cb12-17"><a href="#cb12-17" aria-hidden="true" tabindex="-1"></a>            <span class="op">*</span> </span>
<span id="cb12-18"><a href="#cb12-18" aria-hidden="true" tabindex="-1"></a>        <span class="kw">FROM</span> </span>
<span id="cb12-19"><a href="#cb12-19" aria-hidden="true" tabindex="-1"></a>            od_2728_snapped_origin </span>
<span id="cb12-20"><a href="#cb12-20" aria-hidden="true" tabindex="-1"></a>        <span class="kw">ORDER</span> <span class="kw">BY</span> <span class="kw">random</span>() <span class="kw">LIMIT</span> <span class="dv">300</span>)</span>
<span id="cb12-21"><a href="#cb12-21" aria-hidden="true" tabindex="-1"></a>        <span class="kw">SELECT</span> <span class="op">*</span> <span class="kw">FROM</span>  porto_300_destination;  </span>
<span id="cb12-22"><a href="#cb12-22" aria-hidden="true" tabindex="-1"></a><span class="co">---- Create index for origin</span></span>
<span id="cb12-23"><a href="#cb12-23" aria-hidden="true" tabindex="-1"></a><span class="kw">CREATE</span> <span class="kw">INDEX</span> idx_sampling_weight_300_origin_net_id <span class="kw">ON</span> sampling_weight_300_origin <span class="kw">USING</span> <span class="kw">hash</span>(net_id);</span>
<span id="cb12-24"><a href="#cb12-24" aria-hidden="true" tabindex="-1"></a><span class="kw">CREATE</span> <span class="kw">INDEX</span> idx_sampling_weight_300_origin_geom <span class="kw">ON</span> sampling_weight_300_origin <span class="kw">USING</span> gist(the_geom);</span>
<span id="cb12-25"><a href="#cb12-25" aria-hidden="true" tabindex="-1"></a><span class="co">---- Create index for destination</span></span>
<span id="cb12-26"><a href="#cb12-26" aria-hidden="true" tabindex="-1"></a><span class="kw">CREATE</span> <span class="kw">INDEX</span> idx_sampling_weight_300_destination_net_id <span class="kw">ON</span> sampling_weight_300_destination <span class="kw">USING</span> <span class="kw">hash</span>(net_id);</span>
<span id="cb12-27"><a href="#cb12-27" aria-hidden="true" tabindex="-1"></a><span class="kw">CREATE</span> <span class="kw">INDEX</span> idx_sampling_weight_300_destination_geom <span class="kw">ON</span> sampling_weight_300_destination <span class="kw">USING</span> gist(the_geom);</span>
<span id="cb12-28"><a href="#cb12-28" aria-hidden="true" tabindex="-1"></a><span class="co">---- Cluster</span></span>
<span id="cb12-29"><a href="#cb12-29" aria-hidden="true" tabindex="-1"></a><span class="kw">CLUSTER</span> porto_alegre_net_largest <span class="kw">USING</span> idx_porto_alegre_net_largest_geom;</span>
<span id="cb12-30"><a href="#cb12-30" aria-hidden="true" tabindex="-1"></a><span class="co">---- Vacuum clean</span></span>
<span id="cb12-31"><a href="#cb12-31" aria-hidden="true" tabindex="-1"></a>VACUUM(<span class="kw">full</span>, <span class="kw">ANALYZE</span>) sampling_weight_300_origin;</span>
<span id="cb12-32"><a href="#cb12-32" aria-hidden="true" tabindex="-1"></a>VACUUM(<span class="kw">full</span>, <span class="kw">ANALYZE</span>) sampling_weight_300_destination;</span>
<span id="cb12-33"><a href="#cb12-33" aria-hidden="true" tabindex="-1"></a>VACUUM(<span class="kw">full</span>, <span class="kw">ANALYZE</span>) porto_alegre_net_largest;</span>
<span id="cb12-34"><a href="#cb12-34" aria-hidden="true" tabindex="-1"></a><span class="co">--- Run query</span></span>
<span id="cb12-35"><a href="#cb12-35" aria-hidden="true" tabindex="-1"></a></span>
<span id="cb12-36"><a href="#cb12-36" aria-hidden="true" tabindex="-1"></a> <span class="kw">EXPLAIN</span> <span class="kw">ANALYZE</span></span>
<span id="cb12-37"><a href="#cb12-37" aria-hidden="true" tabindex="-1"></a> <span class="kw">CREATE</span> <span class="kw">TABLE</span> centrality_300_300_porto <span class="kw">AS</span></span>
<span id="cb12-38"><a href="#cb12-38" aria-hidden="true" tabindex="-1"></a> <span class="kw">SELECT</span>   b.ogc_fid,</span>
<span id="cb12-39"><a href="#cb12-39" aria-hidden="true" tabindex="-1"></a> b.the_geom,</span>
<span id="cb12-40"><a href="#cb12-40" aria-hidden="true" tabindex="-1"></a> <span class="fu">count</span>(the_geom) <span class="kw">as</span> centrality </span>
<span id="cb12-41"><a href="#cb12-41" aria-hidden="true" tabindex="-1"></a> <span class="kw">FROM</span>  pgr_dijkstra(<span class="st">'SELECT  ogc_fid AS id,</span></span>
<span id="cb12-42"><a href="#cb12-42" aria-hidden="true" tabindex="-1"></a><span class="st">                              fromid AS source,</span></span>
<span id="cb12-43"><a href="#cb12-43" aria-hidden="true" tabindex="-1"></a><span class="st">                            toid AS target,</span></span>
<span id="cb12-44"><a href="#cb12-44" aria-hidden="true" tabindex="-1"></a><span class="st">                            weight AS cost</span></span>
<span id="cb12-45"><a href="#cb12-45" aria-hidden="true" tabindex="-1"></a><span class="st">                      FROM porto_alegre_net_largest'</span>,</span>
<span id="cb12-46"><a href="#cb12-46" aria-hidden="true" tabindex="-1"></a>                      <span class="dt">ARRAY</span>(<span class="kw">SELECT</span> net_id <span class="kw">AS</span> start_id <span class="kw">FROM</span> sampling_weight_300_origin  ),</span>
<span id="cb12-47"><a href="#cb12-47" aria-hidden="true" tabindex="-1"></a>                      <span class="dt">ARRAY</span>(<span class="kw">SELECT</span> net_id <span class="kw">AS</span> end_id <span class="kw">FROM</span> sampling_weight_300_destination ),</span>
<span id="cb12-48"><a href="#cb12-48" aria-hidden="true" tabindex="-1"></a>                      directed <span class="op">:=</span> <span class="kw">TRUE</span>) j</span>
<span id="cb12-49"><a href="#cb12-49" aria-hidden="true" tabindex="-1"></a>                      <span class="kw">left</span> <span class="kw">JOIN</span> porto_alegre_net_largest <span class="kw">AS</span> b</span>
<span id="cb12-50"><a href="#cb12-50" aria-hidden="true" tabindex="-1"></a>                      <span class="kw">ON</span> j.edge <span class="op">=</span> b.ogc_fid</span>
<span id="cb12-51"><a href="#cb12-51" aria-hidden="true" tabindex="-1"></a>                      <span class="kw">GROUP</span> <span class="kw">BY</span>  b.ogc_fid, b.the_geom</span>
<span id="cb12-52"><a href="#cb12-52" aria-hidden="true" tabindex="-1"></a>                      <span class="kw">ORDER</span> <span class="kw">BY</span> centrality <span class="kw">DESC</span>;  </span>
<span id="cb12-53"><a href="#cb12-53" aria-hidden="true" tabindex="-1"></a>                      </span>
<span id="cb12-54"><a href="#cb12-54" aria-hidden="true" tabindex="-1"></a><span class="co">--- check max centrality                     </span></span>
<span id="cb12-55"><a href="#cb12-55" aria-hidden="true" tabindex="-1"></a><span class="kw">SELECT</span> <span class="fu">max</span>(centrality) <span class="kw">FROM</span> centrality_300_300_porto ;</span>
<span id="cb12-56"><a href="#cb12-56" aria-hidden="true" tabindex="-1"></a><span class="co">--- check max rows</span></span>
<span id="cb12-57"><a href="#cb12-57" aria-hidden="true" tabindex="-1"></a><span class="kw">SELECT</span>  <span class="fu">count</span>(<span class="op">*</span>) <span class="kw">FROM</span> centrality_10_10_porto;</span></code><button title="Copy to Clipboard" class="code-copy-button"><i class="bi"></i></button></pre></div>
</details>
</div>
</section>
<section id="method-array_agg" class="level2" data-number="A.6">
<h2 data-number="A.6" class="anchored" data-anchor-id="method-array_agg"><span class="header-section-number">A.6</span> Method array_agg()</h2>
<div class="cell">
<details>
<summary>Show the code</summary>
<div class="sourceCode cell-code" id="cb13"><pre class="sourceCode sql code-with-copy"><code class="sourceCode sql"><span id="cb13-1"><a href="#cb13-1" aria-hidden="true" tabindex="-1"></a></span>
<span id="cb13-2"><a href="#cb13-2" aria-hidden="true" tabindex="-1"></a><span class="co">---- create origin_destination</span></span>
<span id="cb13-3"><a href="#cb13-3" aria-hidden="true" tabindex="-1"></a><span class="kw">CREATE</span> TEMP <span class="kw">TABLE</span> vertices_lookup_10</span>
<span id="cb13-4"><a href="#cb13-4" aria-hidden="true" tabindex="-1"></a><span class="kw">AS</span>             </span>
<span id="cb13-5"><a href="#cb13-5" aria-hidden="true" tabindex="-1"></a><span class="kw">WITH</span> all_pairs <span class="kw">AS</span> (</span>
<span id="cb13-6"><a href="#cb13-6" aria-hidden="true" tabindex="-1"></a>  <span class="kw">SELECT</span> f.net_id <span class="kw">AS</span> fid, f.the_geom <span class="kw">AS</span> fgeom,</span>
<span id="cb13-7"><a href="#cb13-7" aria-hidden="true" tabindex="-1"></a>         t.net_id <span class="kw">AS</span> tid, t.the_geom <span class="kw">AS</span> tgeom</span>
<span id="cb13-8"><a href="#cb13-8" aria-hidden="true" tabindex="-1"></a>    <span class="kw">FROM</span> random_10_origin <span class="kw">AS</span> f,</span>
<span id="cb13-9"><a href="#cb13-9" aria-hidden="true" tabindex="-1"></a>         random_10_destination <span class="kw">AS</span> t</span>
<span id="cb13-10"><a href="#cb13-10" aria-hidden="true" tabindex="-1"></a>),</span>
<span id="cb13-11"><a href="#cb13-11" aria-hidden="true" tabindex="-1"></a>vertices <span class="kw">AS</span> (</span>
<span id="cb13-12"><a href="#cb13-12" aria-hidden="true" tabindex="-1"></a>  <span class="kw">SELECT</span> fid, tid,</span>
<span id="cb13-13"><a href="#cb13-13" aria-hidden="true" tabindex="-1"></a>     (<span class="kw">SELECT</span> <span class="kw">id</span></span>
<span id="cb13-14"><a href="#cb13-14" aria-hidden="true" tabindex="-1"></a>        <span class="kw">FROM</span> porto_alegre_net_largest_vertices_pgr <span class="kw">AS</span> way</span>
<span id="cb13-15"><a href="#cb13-15" aria-hidden="true" tabindex="-1"></a>       <span class="kw">ORDER</span> <span class="kw">BY</span> way.the_geom <span class="op">&lt;-&gt;</span> fgeom</span>
<span id="cb13-16"><a href="#cb13-16" aria-hidden="true" tabindex="-1"></a>       <span class="kw">LIMIT</span> <span class="dv">1</span>) <span class="kw">AS</span> fv,</span>
<span id="cb13-17"><a href="#cb13-17" aria-hidden="true" tabindex="-1"></a>     (<span class="kw">SELECT</span> <span class="kw">id</span></span>
<span id="cb13-18"><a href="#cb13-18" aria-hidden="true" tabindex="-1"></a>        <span class="kw">FROM</span> porto_alegre_net_largest_vertices_pgr <span class="kw">AS</span> way</span>
<span id="cb13-19"><a href="#cb13-19" aria-hidden="true" tabindex="-1"></a>       <span class="kw">ORDER</span> <span class="kw">BY</span> way.the_geom <span class="op">&lt;-&gt;</span> tgeom</span>
<span id="cb13-20"><a href="#cb13-20" aria-hidden="true" tabindex="-1"></a>       <span class="kw">LIMIT</span> <span class="dv">1</span>) <span class="kw">AS</span> tv</span>
<span id="cb13-21"><a href="#cb13-21" aria-hidden="true" tabindex="-1"></a>  <span class="kw">FROM</span> all_pairs</span>
<span id="cb13-22"><a href="#cb13-22" aria-hidden="true" tabindex="-1"></a>)</span>
<span id="cb13-23"><a href="#cb13-23" aria-hidden="true" tabindex="-1"></a><span class="kw">SELECT</span> <span class="op">*</span> <span class="kw">FROM</span> vertices;</span>
<span id="cb13-24"><a href="#cb13-24" aria-hidden="true" tabindex="-1"></a><span class="co">---- Number of OD</span></span>
<span id="cb13-25"><a href="#cb13-25" aria-hidden="true" tabindex="-1"></a><span class="kw">SELECT</span> <span class="fu">count</span>(<span class="op">*</span>) <span class="kw">FROM</span> vertices_lookup_10;</span>
<span id="cb13-26"><a href="#cb13-26" aria-hidden="true" tabindex="-1"></a><span class="co">---- Create index</span></span>
<span id="cb13-27"><a href="#cb13-27" aria-hidden="true" tabindex="-1"></a><span class="kw">CREATE</span> <span class="kw">INDEX</span> idx_vertices_lookup_10_fid <span class="kw">ON</span> vertices_lookup_10 <span class="kw">USING</span> <span class="kw">hash</span>(fid);</span>
<span id="cb13-28"><a href="#cb13-28" aria-hidden="true" tabindex="-1"></a><span class="kw">CREATE</span> <span class="kw">INDEX</span> idx_vertices_lookup_10_tid <span class="kw">ON</span> vertices_lookup_10 <span class="kw">USING</span> <span class="kw">hash</span>(tid);</span>
<span id="cb13-29"><a href="#cb13-29" aria-hidden="true" tabindex="-1"></a><span class="kw">CREATE</span> <span class="kw">INDEX</span> idx_vertices_lookup_10_fv <span class="kw">ON</span> vertices_lookup_10 <span class="kw">USING</span> <span class="kw">hash</span>(fv);</span>
<span id="cb13-30"><a href="#cb13-30" aria-hidden="true" tabindex="-1"></a><span class="kw">CREATE</span> <span class="kw">INDEX</span> idx_vertices_lookup_10_tv <span class="kw">ON</span> vertices_lookup_10 <span class="kw">USING</span> <span class="kw">hash</span>(tv);</span>
<span id="cb13-31"><a href="#cb13-31" aria-hidden="true" tabindex="-1"></a><span class="co">---- Vacuum and clean</span></span>
<span id="cb13-32"><a href="#cb13-32" aria-hidden="true" tabindex="-1"></a>VACUUM(<span class="kw">full</span>, <span class="kw">ANALYZE</span>) vertices_lookup_10;</span>
<span id="cb13-33"><a href="#cb13-33" aria-hidden="true" tabindex="-1"></a>VACUUM(<span class="kw">full</span>, <span class="kw">ANALYZE</span>) porto_alegre_net_largest;</span>
<span id="cb13-34"><a href="#cb13-34" aria-hidden="true" tabindex="-1"></a><span class="co">---- Run query using array_agg()</span></span>
<span id="cb13-35"><a href="#cb13-35" aria-hidden="true" tabindex="-1"></a><span class="kw">EXPLAIN</span> <span class="kw">ANALYZE</span></span>
<span id="cb13-36"><a href="#cb13-36" aria-hidden="true" tabindex="-1"></a><span class="kw">CREATE</span> <span class="kw">TABLE</span> porto_100_dijkstra_agg <span class="kw">AS</span></span>
<span id="cb13-37"><a href="#cb13-37" aria-hidden="true" tabindex="-1"></a><span class="kw">WITH</span> pgr_result <span class="kw">AS</span> (</span>
<span id="cb13-38"><a href="#cb13-38" aria-hidden="true" tabindex="-1"></a>  <span class="kw">SELECT</span> pgr_dijkstra(<span class="st">'SELECT ogc_fid AS id,</span></span>
<span id="cb13-39"><a href="#cb13-39" aria-hidden="true" tabindex="-1"></a><span class="st">             fromid AS source,</span></span>
<span id="cb13-40"><a href="#cb13-40" aria-hidden="true" tabindex="-1"></a><span class="st">            toid AS target,</span></span>
<span id="cb13-41"><a href="#cb13-41" aria-hidden="true" tabindex="-1"></a><span class="st">             weight AS cost FROM porto_alegre_net_largest'</span>,</span>
<span id="cb13-42"><a href="#cb13-42" aria-hidden="true" tabindex="-1"></a>    array_agg(fv), array_agg(tv), </span>
<span id="cb13-43"><a href="#cb13-43" aria-hidden="true" tabindex="-1"></a>    directed <span class="op">:=</span> <span class="kw">true</span></span>
<span id="cb13-44"><a href="#cb13-44" aria-hidden="true" tabindex="-1"></a>  ) <span class="kw">FROM</span> vertices_lookup_10 </span>
<span id="cb13-45"><a href="#cb13-45" aria-hidden="true" tabindex="-1"></a>) </span>
<span id="cb13-46"><a href="#cb13-46" aria-hidden="true" tabindex="-1"></a><span class="kw">SELECT</span> </span>
<span id="cb13-47"><a href="#cb13-47" aria-hidden="true" tabindex="-1"></a> b.ogc_fid,</span>
<span id="cb13-48"><a href="#cb13-48" aria-hidden="true" tabindex="-1"></a> b.the_geom,</span>
<span id="cb13-49"><a href="#cb13-49" aria-hidden="true" tabindex="-1"></a> <span class="fu">count</span>(the_geom) <span class="kw">as</span> centrality </span>
<span id="cb13-50"><a href="#cb13-50" aria-hidden="true" tabindex="-1"></a><span class="kw">FROM</span> pgr_result</span>
<span id="cb13-51"><a href="#cb13-51" aria-hidden="true" tabindex="-1"></a><span class="kw">LEFT</span> <span class="kw">JOIN</span> porto_alegre_net_largest <span class="kw">AS</span> b</span>
<span id="cb13-52"><a href="#cb13-52" aria-hidden="true" tabindex="-1"></a><span class="kw">ON</span> (pgr_dijkstra).edge <span class="op">=</span> b.ogc_fid</span>
<span id="cb13-53"><a href="#cb13-53" aria-hidden="true" tabindex="-1"></a><span class="kw">GROUP</span> <span class="kw">BY</span> </span>
<span id="cb13-54"><a href="#cb13-54" aria-hidden="true" tabindex="-1"></a>    the_geom, b.ogc_fid</span>
<span id="cb13-55"><a href="#cb13-55" aria-hidden="true" tabindex="-1"></a><span class="kw">ORDER</span> <span class="kw">BY</span> </span>
<span id="cb13-56"><a href="#cb13-56" aria-hidden="true" tabindex="-1"></a>    centrality <span class="kw">DESC</span>;</span>
<span id="cb13-57"><a href="#cb13-57" aria-hidden="true" tabindex="-1"></a><span class="co">---- Max centrality value</span></span>
<span id="cb13-58"><a href="#cb13-58" aria-hidden="true" tabindex="-1"></a><span class="kw">select</span> <span class="fu">max</span>(centrality) <span class="kw">FROM</span> porto_100_dijkstra_agg ;</span>
<span id="cb13-59"><a href="#cb13-59" aria-hidden="true" tabindex="-1"></a><span class="co">---- Number of rows</span></span>
<span id="cb13-60"><a href="#cb13-60" aria-hidden="true" tabindex="-1"></a><span class="kw">select</span> <span class="fu">count</span>(<span class="op">*</span>) <span class="kw">FROM</span> porto_100_dijkstra_agg ;</span></code><button title="Copy to Clipboard" class="code-copy-button"><i class="bi"></i></button></pre></div>
</details>
</div>
</section>
<section id="pgr_astrar" class="level2" data-number="A.7">
<h2 data-number="A.7" class="anchored" data-anchor-id="pgr_astrar"><span class="header-section-number">A.7</span> pgr_astrar()</h2>
<div class="cell">
<details>
<summary>Show the code</summary>
<div class="sourceCode cell-code" id="cb14"><pre class="sourceCode sql code-with-copy"><code class="sourceCode sql"><span id="cb14-1"><a href="#cb14-1" aria-hidden="true" tabindex="-1"></a><span class="kw">SELECT</span> <span class="op">*</span> <span class="kw">FROM</span> random_10_origin ro ;</span>
<span id="cb14-2"><a href="#cb14-2" aria-hidden="true" tabindex="-1"></a> </span>
<span id="cb14-3"><a href="#cb14-3" aria-hidden="true" tabindex="-1"></a><span class="kw">CREATE</span> <span class="kw">TABLE</span> porto_alegre_net_largest_astar <span class="kw">AS</span>          </span>
<span id="cb14-4"><a href="#cb14-4" aria-hidden="true" tabindex="-1"></a><span class="kw">WITH</span> porto_alegre_net_astart <span class="kw">AS</span> (</span>
<span id="cb14-5"><a href="#cb14-5" aria-hidden="true" tabindex="-1"></a><span class="kw">SELECT</span> </span>
<span id="cb14-6"><a href="#cb14-6" aria-hidden="true" tabindex="-1"></a><span class="op">*</span>,</span>
<span id="cb14-7"><a href="#cb14-7" aria-hidden="true" tabindex="-1"></a>st_startpoint(the_geom) <span class="kw">AS</span> start_pt,</span>
<span id="cb14-8"><a href="#cb14-8" aria-hidden="true" tabindex="-1"></a>st_endpoint(the_geom) <span class="kw">AS</span> end_pt</span>
<span id="cb14-9"><a href="#cb14-9" aria-hidden="true" tabindex="-1"></a><span class="kw">FROM</span> porto_alegre_net_largest <span class="kw">AS</span> net)</span>
<span id="cb14-10"><a href="#cb14-10" aria-hidden="true" tabindex="-1"></a><span class="kw">SELECT</span> <span class="op">*</span>,</span>
<span id="cb14-11"><a href="#cb14-11" aria-hidden="true" tabindex="-1"></a>    st_x(start_pt) <span class="kw">AS</span> x1,</span>
<span id="cb14-12"><a href="#cb14-12" aria-hidden="true" tabindex="-1"></a>    st_y(start_pt) <span class="kw">AS</span> y1,</span>
<span id="cb14-13"><a href="#cb14-13" aria-hidden="true" tabindex="-1"></a>    st_x(end_pt) <span class="kw">AS</span> x2,</span>
<span id="cb14-14"><a href="#cb14-14" aria-hidden="true" tabindex="-1"></a>    st_y(end_pt) <span class="kw">AS</span> y2</span>
<span id="cb14-15"><a href="#cb14-15" aria-hidden="true" tabindex="-1"></a><span class="kw">FROM</span> porto_alegre_net_astart;</span>
<span id="cb14-16"><a href="#cb14-16" aria-hidden="true" tabindex="-1"></a><span class="co">---- adding spatial index</span></span>
<span id="cb14-17"><a href="#cb14-17" aria-hidden="true" tabindex="-1"></a><span class="kw">CREATE</span> <span class="kw">INDEX</span> idx_porto_alegre_net_largest_astar_net_the_geom <span class="kw">ON</span> porto_alegre_net_largest_astar  <span class="kw">USING</span> gist(the_geom);</span>
<span id="cb14-18"><a href="#cb14-18" aria-hidden="true" tabindex="-1"></a><span class="kw">CREATE</span> <span class="kw">INDEX</span> idx_porto_alegre_net_largest_astar_net_start <span class="kw">ON</span> porto_alegre_net_largest_astar  <span class="kw">USING</span> gist(start_pt);</span>
<span id="cb14-19"><a href="#cb14-19" aria-hidden="true" tabindex="-1"></a><span class="kw">CREATE</span> <span class="kw">INDEX</span> idx_porto_alegre_net_largest_astar_net_end <span class="kw">ON</span> porto_alegre_net_largest_astar <span class="kw">USING</span> gist(end_pt);</span>
<span id="cb14-20"><a href="#cb14-20" aria-hidden="true" tabindex="-1"></a><span class="kw">CREATE</span> <span class="kw">INDEX</span> idx_porto_alegre_net_largest_astar_net_x1 <span class="kw">ON</span> porto_alegre_net_largest_astar  <span class="kw">USING</span> btree(x1);</span>
<span id="cb14-21"><a href="#cb14-21" aria-hidden="true" tabindex="-1"></a><span class="kw">CREATE</span> <span class="kw">INDEX</span> idx_porto_alegre_net_largest_astar_net_y1 <span class="kw">ON</span> porto_alegre_net_largest_astar <span class="kw">USING</span> btree(y1);</span>
<span id="cb14-22"><a href="#cb14-22" aria-hidden="true" tabindex="-1"></a><span class="kw">CREATE</span> <span class="kw">INDEX</span> idx_porto_alegre_net_largest_astar_net_x2 <span class="kw">ON</span> porto_alegre_net_largest_astar <span class="kw">USING</span> btree(x2);</span>
<span id="cb14-23"><a href="#cb14-23" aria-hidden="true" tabindex="-1"></a><span class="kw">CREATE</span> <span class="kw">INDEX</span> idx_porto_alegre_net_largest_astar_net_y2 <span class="kw">ON</span> porto_alegre_net_largest_astar <span class="kw">USING</span> btree(y2);                      </span>
<span id="cb14-24"><a href="#cb14-24" aria-hidden="true" tabindex="-1"></a><span class="co">----- RUnning the query</span></span>
<span id="cb14-25"><a href="#cb14-25" aria-hidden="true" tabindex="-1"></a><span class="kw">EXPLAIN</span> <span class="kw">ANALYZE</span></span>
<span id="cb14-26"><a href="#cb14-26" aria-hidden="true" tabindex="-1"></a><span class="kw">CREATE</span> <span class="kw">TABLE</span> centrality_10_10_porto_astrar <span class="kw">AS</span></span>
<span id="cb14-27"><a href="#cb14-27" aria-hidden="true" tabindex="-1"></a><span class="kw">SELECT</span>  </span>
<span id="cb14-28"><a href="#cb14-28" aria-hidden="true" tabindex="-1"></a>    b.ogc_fid,</span>
<span id="cb14-29"><a href="#cb14-29" aria-hidden="true" tabindex="-1"></a>     b.the_geom,</span>
<span id="cb14-30"><a href="#cb14-30" aria-hidden="true" tabindex="-1"></a>    <span class="fu">count</span>(the_geom) <span class="kw">as</span> centrality </span>
<span id="cb14-31"><a href="#cb14-31" aria-hidden="true" tabindex="-1"></a><span class="kw">FROM</span> pgr_astar(</span>
<span id="cb14-32"><a href="#cb14-32" aria-hidden="true" tabindex="-1"></a>    <span class="st">'SELECT ogc_fid AS id,</span></span>
<span id="cb14-33"><a href="#cb14-33" aria-hidden="true" tabindex="-1"></a><span class="st">            fromid AS source,</span></span>
<span id="cb14-34"><a href="#cb14-34" aria-hidden="true" tabindex="-1"></a><span class="st">            toid AS target,</span></span>
<span id="cb14-35"><a href="#cb14-35" aria-hidden="true" tabindex="-1"></a><span class="st">            weight AS cost,</span></span>
<span id="cb14-36"><a href="#cb14-36" aria-hidden="true" tabindex="-1"></a><span class="st">            x1,</span></span>
<span id="cb14-37"><a href="#cb14-37" aria-hidden="true" tabindex="-1"></a><span class="st">            y1,</span></span>
<span id="cb14-38"><a href="#cb14-38" aria-hidden="true" tabindex="-1"></a><span class="st">            x2,</span></span>
<span id="cb14-39"><a href="#cb14-39" aria-hidden="true" tabindex="-1"></a><span class="st">            y2</span></span>
<span id="cb14-40"><a href="#cb14-40" aria-hidden="true" tabindex="-1"></a><span class="st">    FROM porto_alegre_net_largest_astar'</span>,</span>
<span id="cb14-41"><a href="#cb14-41" aria-hidden="true" tabindex="-1"></a>    <span class="dt">ARRAY</span>(<span class="kw">SELECT</span> net_id <span class="kw">FROM</span>  random_10_origin),</span>
<span id="cb14-42"><a href="#cb14-42" aria-hidden="true" tabindex="-1"></a>    <span class="dt">ARRAY</span>(<span class="kw">SELECT</span> net_id <span class="kw">FROM</span>  random_10_destination),</span>
<span id="cb14-43"><a href="#cb14-43" aria-hidden="true" tabindex="-1"></a>             directed<span class="op">:=</span><span class="kw">TRUE</span>,</span>
<span id="cb14-44"><a href="#cb14-44" aria-hidden="true" tabindex="-1"></a>             heuristic<span class="op">:=</span><span class="dv">2</span>) j</span>
<span id="cb14-45"><a href="#cb14-45" aria-hidden="true" tabindex="-1"></a>                      <span class="kw">left</span> <span class="kw">JOIN</span> porto_alegre_net_largest_astar <span class="kw">AS</span> b</span>
<span id="cb14-46"><a href="#cb14-46" aria-hidden="true" tabindex="-1"></a>                      <span class="kw">ON</span> j.edge <span class="op">=</span> b.ogc_fid</span>
<span id="cb14-47"><a href="#cb14-47" aria-hidden="true" tabindex="-1"></a>                      <span class="kw">GROUP</span> <span class="kw">BY</span>  b.ogc_fid, b.the_geom</span>
<span id="cb14-48"><a href="#cb14-48" aria-hidden="true" tabindex="-1"></a>                      <span class="kw">ORDER</span> <span class="kw">BY</span> centrality <span class="kw">DESC</span>;  </span>
<span id="cb14-49"><a href="#cb14-49" aria-hidden="true" tabindex="-1"></a></span>
<span id="cb14-50"><a href="#cb14-50" aria-hidden="true" tabindex="-1"></a><span class="co">--- check max centrality                     </span></span>
<span id="cb14-51"><a href="#cb14-51" aria-hidden="true" tabindex="-1"></a><span class="kw">SELECT</span> <span class="fu">max</span>(centrality) <span class="kw">FROM</span> centrality_10_10_porto_astrar ;</span>
<span id="cb14-52"><a href="#cb14-52" aria-hidden="true" tabindex="-1"></a><span class="co">--- check max rows</span></span>
<span id="cb14-53"><a href="#cb14-53" aria-hidden="true" tabindex="-1"></a><span class="kw">SELECT</span>  <span class="fu">count</span>(<span class="op">*</span>) <span class="kw">FROM</span> centrality_10_10_porto_astrar;</span></code><button title="Copy to Clipboard" class="code-copy-button"><i class="bi"></i></button></pre></div>
</details>
</div>


</section>

</main> <!-- /main -->
<script id="quarto-html-after-body" type="application/javascript">
window.document.addEventListener("DOMContentLoaded", function (event) {
  const toggleBodyColorMode = (bsSheetEl) => {
    const mode = bsSheetEl.getAttribute("data-mode");
    const bodyEl = window.document.querySelector("body");
    if (mode === "dark") {
      bodyEl.classList.add("quarto-dark");
      bodyEl.classList.remove("quarto-light");
    } else {
      bodyEl.classList.add("quarto-light");
      bodyEl.classList.remove("quarto-dark");
    }
  }
  const toggleBodyColorPrimary = () => {
    const bsSheetEl = window.document.querySelector("link#quarto-bootstrap");
    if (bsSheetEl) {
      toggleBodyColorMode(bsSheetEl);
    }
  }
  toggleBodyColorPrimary();  
  const disableStylesheet = (stylesheets) => {
    for (let i=0; i < stylesheets.length; i++) {
      const stylesheet = stylesheets[i];
      stylesheet.rel = 'prefetch';
    }
  }
  const enableStylesheet = (stylesheets) => {
    for (let i=0; i < stylesheets.length; i++) {
      const stylesheet = stylesheets[i];
      stylesheet.rel = 'stylesheet';
    }
  }
  const manageTransitions = (selector, allowTransitions) => {
    const els = window.document.querySelectorAll(selector);
    for (let i=0; i < els.length; i++) {
      const el = els[i];
      if (allowTransitions) {
        el.classList.remove('notransition');
      } else {
        el.classList.add('notransition');
      }
    }
  }
  const toggleColorMode = (alternate) => {
    // Switch the stylesheets
    const alternateStylesheets = window.document.querySelectorAll('link.quarto-color-scheme.quarto-color-alternate');
    manageTransitions('#quarto-margin-sidebar .nav-link', false);
    if (alternate) {
      enableStylesheet(alternateStylesheets);
      for (const sheetNode of alternateStylesheets) {
        if (sheetNode.id === "quarto-bootstrap") {
          toggleBodyColorMode(sheetNode);
        }
      }
    } else {
      disableStylesheet(alternateStylesheets);
      toggleBodyColorPrimary();
    }
    manageTransitions('#quarto-margin-sidebar .nav-link', true);
    // Switch the toggles
    const toggles = window.document.querySelectorAll('.quarto-color-scheme-toggle');
    for (let i=0; i < toggles.length; i++) {
      const toggle = toggles[i];
      if (toggle) {
        if (alternate) {
          toggle.classList.add("alternate");     
        } else {
          toggle.classList.remove("alternate");
        }
      }
    }
    // Hack to workaround the fact that safari doesn't
    // properly recolor the scrollbar when toggling (#1455)
    if (navigator.userAgent.indexOf('Safari') > 0 && navigator.userAgent.indexOf('Chrome') == -1) {
      manageTransitions("body", false);
      window.scrollTo(0, 1);
      setTimeout(() => {
        window.scrollTo(0, 0);
        manageTransitions("body", true);
      }, 40);  
    }
  }
  const isFileUrl = () => { 
    return window.location.protocol === 'file:';
  }
  const hasAlternateSentinel = () => {  
    let styleSentinel = getColorSchemeSentinel();
    if (styleSentinel !== null) {
      return styleSentinel === "alternate";
    } else {
      return false;
    }
  }
  const setStyleSentinel = (alternate) => {
    const value = alternate ? "alternate" : "default";
    if (!isFileUrl()) {
      window.localStorage.setItem("quarto-color-scheme", value);
    } else {
      localAlternateSentinel = value;
    }
  }
  const getColorSchemeSentinel = () => {
    if (!isFileUrl()) {
      const storageValue = window.localStorage.getItem("quarto-color-scheme");
      return storageValue != null ? storageValue : localAlternateSentinel;
    } else {
      return localAlternateSentinel;
    }
  }
  let localAlternateSentinel = 'default';
  // Dark / light mode switch
  window.quartoToggleColorScheme = () => {
    // Read the current dark / light value 
    let toAlternate = !hasAlternateSentinel();
    toggleColorMode(toAlternate);
    setStyleSentinel(toAlternate);
  };
  // Ensure there is a toggle, if there isn't float one in the top right
  if (window.document.querySelector('.quarto-color-scheme-toggle') === null) {
    const a = window.document.createElement('a');
    a.classList.add('top-right');
    a.classList.add('quarto-color-scheme-toggle');
    a.href = "";
    a.onclick = function() { try { window.quartoToggleColorScheme(); } catch {} return false; };
    const i = window.document.createElement("i");
    i.classList.add('bi');
    a.appendChild(i);
    window.document.body.appendChild(a);
  }
  // Switch to dark mode if need be
  if (hasAlternateSentinel()) {
    toggleColorMode(true);
  } else {
    toggleColorMode(false);
  }
  const icon = "";
  const anchorJS = new window.AnchorJS();
  anchorJS.options = {
    placement: 'right',
    icon: icon
  };
  anchorJS.add('.anchored');
  const isCodeAnnotation = (el) => {
    for (const clz of el.classList) {
      if (clz.startsWith('code-annotation-')) {                     
        return true;
      }
    }
    return false;
  }
  const clipboard = new window.ClipboardJS('.code-copy-button', {
    text: function(trigger) {
      const codeEl = trigger.previousElementSibling.cloneNode(true);
      for (const childEl of codeEl.children) {
        if (isCodeAnnotation(childEl)) {
          childEl.remove();
        }
      }
      return codeEl.innerText;
    }
  });
  clipboard.on('success', function(e) {
    // button target
    const button = e.trigger;
    // don't keep focus
    button.blur();
    // flash "checked"
    button.classList.add('code-copy-button-checked');
    var currentTitle = button.getAttribute("title");
    button.setAttribute("title", "Copied!");
    let tooltip;
    if (window.bootstrap) {
      button.setAttribute("data-bs-toggle", "tooltip");
      button.setAttribute("data-bs-placement", "left");
      button.setAttribute("data-bs-title", "Copied!");
      tooltip = new bootstrap.Tooltip(button, 
        { trigger: "manual", 
          customClass: "code-copy-button-tooltip",
          offset: [0, -8]});
      tooltip.show();    
    }
    setTimeout(function() {
      if (tooltip) {
        tooltip.hide();
        button.removeAttribute("data-bs-title");
        button.removeAttribute("data-bs-toggle");
        button.removeAttribute("data-bs-placement");
      }
      button.setAttribute("title", currentTitle);
      button.classList.remove('code-copy-button-checked');
    }, 1000);
    // clear code selection
    e.clearSelection();
  });
  function tippyHover(el, contentFn) {
    const config = {
      allowHTML: true,
      content: contentFn,
      maxWidth: 500,
      delay: 100,
      arrow: false,
      appendTo: function(el) {
          return el.parentElement;
      },
      interactive: true,
      interactiveBorder: 10,
      theme: 'quarto',
      placement: 'bottom-start'
    };
    window.tippy(el, config); 
  }
  const noterefs = window.document.querySelectorAll('a[role="doc-noteref"]');
  for (var i=0; i<noterefs.length; i++) {
    const ref = noterefs[i];
    tippyHover(ref, function() {
      // use id or data attribute instead here
      let href = ref.getAttribute('data-footnote-href') || ref.getAttribute('href');
      try { href = new URL(href).hash; } catch {}
      const id = href.replace(/^#\/?/, "");
      const note = window.document.getElementById(id);
      return note.innerHTML;
    });
  }
      let selectedAnnoteEl;
      const selectorForAnnotation = ( cell, annotation) => {
        let cellAttr = 'data-code-cell="' + cell + '"';
        let lineAttr = 'data-code-annotation="' +  annotation + '"';
        const selector = 'span[' + cellAttr + '][' + lineAttr + ']';
        return selector;
      }
      const selectCodeLines = (annoteEl) => {
        const doc = window.document;
        const targetCell = annoteEl.getAttribute("data-target-cell");
        const targetAnnotation = annoteEl.getAttribute("data-target-annotation");
        const annoteSpan = window.document.querySelector(selectorForAnnotation(targetCell, targetAnnotation));
        const lines = annoteSpan.getAttribute("data-code-lines").split(",");
        const lineIds = lines.map((line) => {
          return targetCell + "-" + line;
        })
        let top = null;
        let height = null;
        let parent = null;
        if (lineIds.length > 0) {
            //compute the position of the single el (top and bottom and make a div)
            const el = window.document.getElementById(lineIds[0]);
            top = el.offsetTop;
            height = el.offsetHeight;
            parent = el.parentElement.parentElement;
          if (lineIds.length > 1) {
            const lastEl = window.document.getElementById(lineIds[lineIds.length - 1]);
            const bottom = lastEl.offsetTop + lastEl.offsetHeight;
            height = bottom - top;
          }
          if (top !== null && height !== null && parent !== null) {
            // cook up a div (if necessary) and position it 
            let div = window.document.getElementById("code-annotation-line-highlight");
            if (div === null) {
              div = window.document.createElement("div");
              div.setAttribute("id", "code-annotation-line-highlight");
              div.style.position = 'absolute';
              parent.appendChild(div);
            }
            div.style.top = top - 2 + "px";
            div.style.height = height + 4 + "px";
            let gutterDiv = window.document.getElementById("code-annotation-line-highlight-gutter");
            if (gutterDiv === null) {
              gutterDiv = window.document.createElement("div");
              gutterDiv.setAttribute("id", "code-annotation-line-highlight-gutter");
              gutterDiv.style.position = 'absolute';
              const codeCell = window.document.getElementById(targetCell);
              const gutter = codeCell.querySelector('.code-annotation-gutter');
              gutter.appendChild(gutterDiv);
            }
            gutterDiv.style.top = top - 2 + "px";
            gutterDiv.style.height = height + 4 + "px";
          }
          selectedAnnoteEl = annoteEl;
        }
      };
      const unselectCodeLines = () => {
        const elementsIds = ["code-annotation-line-highlight", "code-annotation-line-highlight-gutter"];
        elementsIds.forEach((elId) => {
          const div = window.document.getElementById(elId);
          if (div) {
            div.remove();
          }
        });
        selectedAnnoteEl = undefined;
      };
      // Attach click handler to the DT
      const annoteDls = window.document.querySelectorAll('dt[data-target-cell]');
      for (const annoteDlNode of annoteDls) {
        annoteDlNode.addEventListener('click', (event) => {
          const clickedEl = event.target;
          if (clickedEl !== selectedAnnoteEl) {
            unselectCodeLines();
            const activeEl = window.document.querySelector('dt[data-target-cell].code-annotation-active');
            if (activeEl) {
              activeEl.classList.remove('code-annotation-active');
            }
            selectCodeLines(clickedEl);
            clickedEl.classList.add('code-annotation-active');
          } else {
            // Unselect the line
            unselectCodeLines();
            clickedEl.classList.remove('code-annotation-active');
          }
        });
      }
  const findCites = (el) => {
    const parentEl = el.parentElement;
    if (parentEl) {
      const cites = parentEl.dataset.cites;
      if (cites) {
        return {
          el,
          cites: cites.split(' ')
        };
      } else {
        return findCites(el.parentElement)
      }
    } else {
      return undefined;
    }
  };
  var bibliorefs = window.document.querySelectorAll('a[role="doc-biblioref"]');
  for (var i=0; i<bibliorefs.length; i++) {
    const ref = bibliorefs[i];
    const citeInfo = findCites(ref);
    if (citeInfo) {
      tippyHover(citeInfo.el, function() {
        var popup = window.document.createElement('div');
        citeInfo.cites.forEach(function(cite) {
          var citeDiv = window.document.createElement('div');
          citeDiv.classList.add('hanging-indent');
          citeDiv.classList.add('csl-entry');
          var biblioDiv = window.document.getElementById('ref-' + cite);
          if (biblioDiv) {
            citeDiv.innerHTML = biblioDiv.innerHTML;
          }
          popup.appendChild(citeDiv);
        });
        return popup.innerHTML;
      });
    }
  }
});
</script>
<nav class="page-navigation">
  <div class="nav-page nav-page-previous">
      <a href="./future_work.html" class="pagination-link">
        <i class="bi bi-arrow-left-short"></i> <span class="nav-page-text"><span class="chapter-number">5</span>&nbsp; <span class="chapter-title">Future work &amp; suggestions</span></span>
      </a>          
  </div>
  <div class="nav-page nav-page-next">
      <a href="./references.html" class="pagination-link">
        <span class="nav-page-text">References</span> <i class="bi bi-arrow-right-short"></i>
      </a>
  </div>
</nav>
</div> <!-- /content -->



</body></html>